Loaded 11,635,918 rows.
Filtered to hour 20.0: 11,635,918 rows.

Total demand in log: 5.631 Tbps over 11,635,918 active users

=== FINAL STATE ===
  TN          users= 8,792,222  demand=  4.255 Tbps  ( 75.6% of demand)
  DROPPED     users= 1,932,673  demand=  0.935 Tbps  ( 16.6% of demand)
  LEO         users=   911,023  demand=  0.440 Tbps  (  7.8% of demand)

=== DROP ROOT CAUSE  (1,932,673 dropped users, 0.935 Tbps) ===
  [ 31.7%]   612,882 users  demand= 0.296 Tbps
            TN : No 5G Tower in Geographic Range
            NTN: NTN Beam Congested (Empty)
  [ 10.0%]   192,599 users  demand= 0.093 Tbps
            TN : 5G Bandwidth too low for QoS (Req: 0.0 MHz)
            NTN: NTN Beam Congested (Empty)
  [  0.4%]     8,343 users  demand= 0.004 Tbps
            TN : 5G Bandwidth too low for QoS (Req: 0.1 MHz)
            NTN: NTN Beam Congested (Empty)
  [  0.4%]     8,183 users  demand= 0.004 Tbps
            TN : No 5G Tower in Geographic Range
            NTN: NTN Bandwidth too low for QoS (Req: 0.088 MHz)
  [  0.4%]     8,046 users  demand= 0.004 Tbps
            TN : No 5G Tower in Geographic Range
            NTN: NTN Bandwidth too low for QoS (Req: 0.089 MHz)
  [  0.4%]     7,234 users  demand= 0.004 Tbps
            TN : 5G Bandwidth too low for QoS (Req: 0.0 MHz)
            NTN: NTN Bandwidth too low for QoS (Req: 0.095 MHz)
  [  0.3%]     6,072 users  demand= 0.003 Tbps
            TN : No 5G Tower in Geographic Range
            NTN: NTN Bandwidth too low for QoS (Req: 0.060 MHz)
  [  0.3%]     4,744 users  demand= 0.002 Tbps
            TN : No 5G Tower in Geographic Range
            NTN: NTN Bandwidth too low for QoS (Req: 0.096 MHz)
  [  0.3%]     4,931 users  demand= 0.002 Tbps
            TN : No 5G Tower in Geographic Range
            NTN: NTN Bandwidth too low for QoS (Req: 0.087 MHz)
  [  0.2%]     4,650 users  demand= 0.002 Tbps
            TN : No 5G Tower in Geographic Range
            NTN: NTN Bandwidth too low for QoS (Req: 0.057 MHz)
  [  0.2%]     3,825 users  demand= 0.002 Tbps
            TN : No 5G Tower in Geographic Range
            NTN: NTN Bandwidth too low for QoS (Req: 0.058 MHz)
  [  0.2%]     3,916 users  demand= 0.002 Tbps
            TN : No 5G Tower in Geographic Range
            NTN: NTN Bandwidth too low for QoS (Req: 0.059 MHz)

=== DROPS BY REGION (split at Lat 46.0) ===

  SOUTH (Lat <  46.0): 10,923,817 users  demand=5.286 Tbps  served=4.369  dropped=0.917 Tbps ( 17.3% dropped)
    TN reason among dropped:
       36.3%    688,897  No 5G Tower in Geographic Range
       12.9%    244,140  5G Bandwidth too low for QoS (Req: 0.0 MHz)
        0.5%     10,192  5G Bandwidth too low for QoS (Req: 0.1 MHz)
        0.1%      1,885  5G Congestion (Tower Empty)
    NTN reason among dropped:
       81.7%  1,548,864  NTN Beam Congested (Empty)
        0.9%     16,331  NTN Bandwidth too low for QoS (Req: 0.060 MHz)
        0.9%     15,981  NTN Bandwidth too low for QoS (Req: 0.088 MHz)
        0.8%     15,103  NTN Bandwidth too low for QoS (Req: 0.096 MHz)

  NORTH (Lat >= 46.0): 712,101 users  demand=0.344 Tbps  served=0.326  dropped=0.018 Tbps (  5.3% dropped)
    TN reason among dropped:
       16.4%      6,027  5G Bandwidth too low for QoS (Req: 0.0 MHz)
       13.9%      5,194  No 5G Tower in Geographic Range
        0.8%        294  5G Bandwidth too low for QoS (Req: 0.1 MHz)
        0.1%         39  5G Congestion (Tower Empty)
    NTN reason among dropped:
       87.3%     32,638  NTN Beam Congested (Empty)
        6.1%      2,352  NTN SINR too low (-0.5 dB)
        1.3%        497  NTN SINR too low (-0.6 dB)
        1.2%        469  NTN SINR too low (-0.2 dB)

=== TN_REASON tally (all users) ===
   8,788,371  Fully Served
   1,137,272  No 5G Tower in Geographic Range
     349,669  5G Bandwidth too low for QoS (Req: 0.0 MHz)
      13,291  5G Bandwidth too low for QoS (Req: 0.1 MHz)
       3,851  Partially Served (Congested)
       3,761  5G Congestion (Tower Empty)
       1,005  5G Bandwidth too low for QoS (Req: 0.2 MHz)
         340  5G Bandwidth too low for QoS (Req: 0.3 MHz)
         100  5G SINR too low (-5.1 dB)
          95  5G SINR too low (-5.4 dB)

=== NTN_REASON tally (all users) ===
   1,581,597  NTN Beam Congested (Empty)
     910,779  Fully Served
      16,333  NTN Bandwidth too low for QoS (Req: 0.060 MHz)
      15,982  NTN Bandwidth too low for QoS (Req: 0.088 MHz)
      15,104  NTN Bandwidth too low for QoS (Req: 0.096 MHz)
      15,051  NTN Bandwidth too low for QoS (Req: 0.097 MHz)
      14,784  NTN Bandwidth too low for QoS (Req: 0.095 MHz)
      13,781  NTN Bandwidth too low for QoS (Req: 0.089 MHz)
      12,355  NTN Bandwidth too low for QoS (Req: 0.087 MHz)
      12,354  NTN SINR too low (-1.0 dB)

=== SINR DISTRIBUTIONS (served + evaluated users) ===
  TN  SINR (all evaluated): n=10,498,646  mean= 36.35 dB  median= 34.95  p5= 14.88  p95= 60.97  min=-29.08  max=122.22
      below floor (-3.0 dB): 5,766 (0.05%)   p1=7.85  p99=69.57
  TN  SINR (served only) : n=8,792,222  mean= 38.91 dB  median= 38.27  p5= 17.33  p95= 62.01  min= -5.00  max=122.22
      below floor (-3.0 dB): 1,098 (0.01%)   p1=10.32  p99=70.48
  NTN SINR (all evaluated): n=2,843,696  mean=  5.29 dB  median=  5.89  p5=  1.16  p95=  9.69  min= -2.13  max= 13.00
      below floor (+0.0 dB): 49,189 (1.73%)   p1=-0.55  p99=11.35
  NTN SINR (served only) : n=911,023  mean=  7.22 dB  median=  7.55  p5=  2.20  p95= 10.99  min= -1.88  max= 13.00
      below floor (+0.0 dB): 9 (0.00%)   p1=0.84  p99=12.00

=== LOW-SINR USERS by final state ===
  TN  SINR < -3.0 dB : 5,766 users
        DROPPED : 3,881
        TN      : 1,098
        LEO     : 787
  NTN SINR < +0.0 dB : 49,189 users
        DROPPED : 49,180
        LEO     : 9

Saved SINR histograms to sinr_distributions.png

=== TN SINR COMPONENTS (served TN users) ===
  Signal  S     : median=  -30.96 dBm  p5=  -57.76  p95=  -12.41  mean=  -32.42
  Interf. I     : median=  -74.27 dBm  p5=  -88.15  p95=  -49.62  mean=  -71.97
  Noise   N     : median=  -87.00 dBm  p5=  -93.99  p95=  -87.00  mean=  -88.53
  I/N ratio     : median=   15.81 dB  p5=   -0.96  p95=   37.55  mean=   16.56
  interferers   : median=124  mean=120.6  max=252  zero=11,292 users
  --> INTERFERENCE-LIMITED: median I/N = +15.8 dB, 7% of users have I < N.
      Interference dominates noise, yet check if SINR is still high:
      if so, the serving-signal term (power+gains) is too strong.

=== TOP 15 BUSIEST TOWERS (by served demand) ===
       BS_4061  users=   2,464  served=   1182.0 Mbps
       BS_4112  users=   2,394  served=   1177.1 Mbps
       BS_4130  users=   2,424  served=   1172.0 Mbps
       BS_4210  users=   2,390  served=   1167.3 Mbps
       BS_4129  users=   2,395  served=   1165.0 Mbps
       BS_5474  users=   2,396  served=   1162.7 Mbps
       BS_4197  users=   2,397  served=   1161.2 Mbps
       BS_4117  users=   2,331  served=   1160.4 Mbps
       BS_4126  users=   2,369  served=   1160.3 Mbps
       BS_4099  users=   2,462  served=   1160.3 Mbps
       BS_4127  users=   2,347  served=   1160.0 Mbps
       BS_5394  users=   2,403  served=   1159.9 Mbps
       BS_4280  users=   2,357  served=   1158.0 Mbps
       BS_3900  users=   2,345  served=   1157.7 Mbps
       BS_3683  users=   2,402  served=   1157.4 Mbps
  map: 0 true coverage-hole drops, 1,932,673 congestion drops

Saved map to drop_analysis.png
Done. See the printed breakdown above and drop_analysis.png.
