Loaded 11,635,918 rows.
Filtered to hour 20.0: 11,635,918 rows.

Total demand in log: 5.631 Tbps over 11,635,918 active users

=== FINAL STATE ===
  TN          users= 8,927,579  demand=  4.321 Tbps  ( 76.7% of demand)
  DROPPED     users= 2,432,993  demand=  1.176 Tbps  ( 20.9% of demand)
  LEO         users=   275,346  demand=  0.134 Tbps  (  2.4% of demand)

=== DROP ROOT CAUSE  (2,432,993 dropped users, 1.176 Tbps) ===
  [ 72.5%] 1,764,042 users  demand= 0.853 Tbps
            TN : 5G Congestion (Tower Empty)
            NTN: NTN Beam Congested (Empty)
  [ 15.4%]   374,464 users  demand= 0.181 Tbps
            TN : 5G Bandwidth too low for QoS (Req: 0.0 MHz)
            NTN: NTN Beam Congested (Empty)
  [  2.4%]    57,380 users  demand= 0.028 Tbps
            TN : No 5G Tower in Geographic Range
            NTN: NTN Beam Congested (Empty)
  [  0.8%]    19,401 users  demand= 0.009 Tbps
            TN : 5G Bandwidth too low for QoS (Req: 0.1 MHz)
            NTN: NTN Beam Congested (Empty)
  [  0.6%]    15,328 users  demand= 0.008 Tbps
            TN : 5G Congestion (Tower Empty)
            NTN: NTN Bandwidth too low for QoS (Req: 0.055 MHz)
  [  0.6%]    14,798 users  demand= 0.007 Tbps
            TN : 5G Congestion (Tower Empty)
            NTN: NTN Bandwidth too low for QoS (Req: 0.057 MHz)
  [  0.6%]    13,910 users  demand= 0.007 Tbps
            TN : 5G Congestion (Tower Empty)
            NTN: NTN Bandwidth too low for QoS (Req: 0.054 MHz)
  [  0.5%]    13,349 users  demand= 0.006 Tbps
            TN : 5G Congestion (Tower Empty)
            NTN: NTN Bandwidth too low for QoS (Req: 0.089 MHz)
  [  0.5%]    12,666 users  demand= 0.006 Tbps
            TN : 5G Congestion (Tower Empty)
            NTN: NTN Bandwidth too low for QoS (Req: 0.059 MHz)
  [  0.5%]    12,521 users  demand= 0.006 Tbps
            TN : 5G Congestion (Tower Empty)
            NTN: NTN Bandwidth too low for QoS (Req: 0.086 MHz)
  [  0.5%]    12,301 users  demand= 0.006 Tbps
            TN : 5G Congestion (Tower Empty)
            NTN: NTN Bandwidth too low for QoS (Req: 0.056 MHz)
  [  0.5%]    11,798 users  demand= 0.006 Tbps
            TN : 5G Congestion (Tower Empty)
            NTN: NTN Bandwidth too low for QoS (Req: 0.088 MHz)

=== DROPS BY REGION (split at Lat 46.0) ===

  SOUTH (Lat <  46.0): 11,031,277 users  demand=5.338 Tbps  served=4.178  dropped=1.160 Tbps ( 21.7% dropped)
    TN reason among dropped:
       79.2%  1,900,949  5G Congestion (Tower Empty)
       16.9%    405,979  5G Bandwidth too low for QoS (Req: 0.0 MHz)
        2.6%     63,460  No 5G Tower in Geographic Range
        0.9%     21,659  5G Bandwidth too low for QoS (Req: 0.1 MHz)
    NTN reason among dropped:
       91.3%  2,190,320  NTN Beam Congested (Empty)
        1.0%     22,982  NTN Bandwidth too low for QoS (Req: 0.057 MHz)
        0.8%     19,786  NTN Bandwidth too low for QoS (Req: 0.056 MHz)
        0.8%     19,080  NTN Bandwidth too low for QoS (Req: 0.055 MHz)

  NORTH (Lat >= 46.0): 604,641 users  demand=0.292 Tbps  served=0.276  dropped=0.016 Tbps (  5.5% dropped)
    TN reason among dropped:
       60.5%     19,952  5G Congestion (Tower Empty)
       35.8%     11,804  5G Bandwidth too low for QoS (Req: 0.0 MHz)
        1.8%        575  5G Bandwidth too low for QoS (Req: 0.1 MHz)
        1.5%        511  No 5G Tower in Geographic Range
    NTN reason among dropped:
       97.6%     32,205  NTN Beam Congested (Empty)
        1.8%        588  NTN Bandwidth too low for QoS (Req: 0.090 MHz)
        0.6%        187  NTN Bandwidth too low for QoS (Req: 0.089 MHz)
        0.0%          1  NTN SINR too low (-0.7 dB)

=== TN_REASON tally (all users) ===
   8,925,340  Fully Served
   2,119,371  5G Congestion (Tower Empty)
     479,042  5G Bandwidth too low for QoS (Req: 0.0 MHz)
      75,221  No 5G Tower in Geographic Range
      25,401  5G Bandwidth too low for QoS (Req: 0.1 MHz)
       2,239  Partially Served (Congested)
       1,993  5G Bandwidth too low for QoS (Req: 0.2 MHz)
         689  5G Bandwidth too low for QoS (Req: 0.3 MHz)
         219  5G SINR too low (-5.1 dB)
         189  5G SINR too low (-5.2 dB)

=== NTN_REASON tally (all users) ===
   2,222,563  NTN Beam Congested (Empty)
     275,247  Fully Served
      22,982  NTN Bandwidth too low for QoS (Req: 0.057 MHz)
      19,788  NTN Bandwidth too low for QoS (Req: 0.056 MHz)
      19,080  NTN Bandwidth too low for QoS (Req: 0.055 MHz)
      17,805  NTN Bandwidth too low for QoS (Req: 0.087 MHz)
      17,691  NTN Bandwidth too low for QoS (Req: 0.086 MHz)
      16,716  NTN Bandwidth too low for QoS (Req: 0.088 MHz)
      15,831  NTN Bandwidth too low for QoS (Req: 0.089 MHz)
      14,919  NTN Bandwidth too low for QoS (Req: 0.054 MHz)

=== SINR DISTRIBUTIONS (served + evaluated users) ===
  TN  SINR (all evaluated): n=11,560,697  mean= 34.45 dB  median= 33.03  p5= 13.32  p95= 60.33  min=-33.21  max=122.88
      below floor (-3.0 dB): 10,996 (0.10%)   p1=6.39  p99=73.45
  TN  SINR (served only) : n=8,927,579  mean= 38.02 dB  median= 37.23  p5= 16.78  p95= 62.60  min= -5.00  max=122.88
      below floor (-3.0 dB): 1,064 (0.01%)   p1=10.32  p99=75.24
  NTN SINR (all evaluated): n=2,708,339  mean=  5.97 dB  median=  6.80  p5=  2.90  p95=  8.45  min= -0.70  max= 13.54
      below floor (+0.0 dB): 5,061 (0.19%)   p1=1.00  p99=10.88
  NTN SINR (served only) : n=275,346  mean=  8.02 dB  median=  8.00  p5=  3.64  p95= 11.59  min=  0.12  max= 13.54
      below floor (+0.0 dB): 0 (0.00%)   p1=1.46  p99=12.57

=== LOW-SINR USERS by final state ===
  TN  SINR < -3.0 dB : 10,996 users
        DROPPED : 8,787
        LEO     : 1,145
        TN      : 1,064
  NTN SINR < +0.0 dB : 5,061 users
        DROPPED : 5,061

Saved SINR histograms to sinr_distributions.png

=== TN SINR COMPONENTS (served TN users) ===
  Signal  S     : median=  -34.94 dBm  p5=  -57.31  p95=   -2.89  mean=  -33.74
  Interf. I     : median=  -73.27 dBm  p5=  -82.79  p95=  -57.43  mean=  -72.06
  Noise   N     : median=  -87.00 dBm  p5=  -93.99  p95=  -87.00  mean=  -89.19
  I/N ratio     : median=   15.35 dB  p5=    4.87  p95=   34.88  mean=   17.12
  interferers   : median=354  mean=324.2  max=606  zero=1,056 users
  --> INTERFERENCE-LIMITED: median I/N = +15.3 dB, 0% of users have I < N.
      Interference dominates noise, yet check if SINR is still high:
      if so, the serving-signal term (power+gains) is too strong.

=== TOP 15 BUSIEST TOWERS (by served demand) ===
      BS_17074  users=   1,842  served=    914.2 Mbps
      BS_16459  users=   1,823  served=    911.7 Mbps
      BS_17299  users=   1,902  served=    909.1 Mbps
      BS_26341  users=   1,857  served=    902.0 Mbps
      BS_13021  users=   1,753  served=    884.7 Mbps
      BS_14704  users=   1,930  served=    882.1 Mbps
      BS_15931  users=   1,734  served=    875.3 Mbps
      BS_26167  users=   1,828  served=    870.6 Mbps
      BS_11196  users=   1,773  served=    864.9 Mbps
      BS_19362  users=   1,789  served=    864.4 Mbps
      BS_20899  users=   1,731  served=    856.8 Mbps
      BS_16168  users=   1,719  served=    854.7 Mbps
      BS_22611  users=   1,716  served=    852.1 Mbps
      BS_23572  users=   1,742  served=    852.0 Mbps
      BS_19569  users=   1,660  served=    851.6 Mbps
  map: 0 true coverage-hole drops, 2,432,993 congestion drops

Saved map to drop_analysis.png
Done. See the printed breakdown above and drop_analysis.png.
