Loaded 11,635,918 rows.
Filtered to hour 20.0: 11,635,918 rows.

Total demand in log: 5.631 Tbps over 11,635,918 active users

=== FINAL STATE ===
  TN          users= 8,924,691  demand=  4.319 Tbps  ( 76.7% of demand)
  DROPPED     users= 2,165,402  demand=  1.047 Tbps  ( 18.6% of demand)
  LEO         users=   545,825  demand=  0.264 Tbps  (  4.7% of demand)

=== DROP ROOT CAUSE  (2,165,402 dropped users, 1.047 Tbps) ===
  [ 10.4%]   224,078 users  demand= 0.109 Tbps
            TN : No 5G Tower in Geographic Range
            NTN: NTN Beam Congested (Empty)
  [  9.0%]   194,602 users  demand= 0.094 Tbps
            TN : 5G Bandwidth too low for QoS (Req: 0.0 MHz)
            NTN: NTN Beam Congested (Empty)
  [  4.7%]   102,736 users  demand= 0.050 Tbps
            TN : 5G Bandwidth too low for QoS (Req: 0.1 MHz)
            NTN: NTN Beam Congested (Empty)
  [  0.8%]    18,442 users  demand= 0.009 Tbps
            TN : 5G Bandwidth too low for QoS (Req: 0.2 MHz)
            NTN: NTN Beam Congested (Empty)
  [  0.4%]     8,287 users  demand= 0.004 Tbps
            TN : No 5G Tower in Geographic Range
            NTN: NTN SINR too low (-0.9 dB)
  [  0.3%]     7,482 users  demand= 0.004 Tbps
            TN : 5G Bandwidth too low for QoS (Req: 0.3 MHz)
            NTN: NTN Beam Congested (Empty)
  [  0.3%]     6,142 users  demand= 0.003 Tbps
            TN : 5G Bandwidth too low for QoS (Req: 0.0 MHz)
            NTN: NTN Bandwidth too low for QoS (Req: 0.085 MHz)
  [  0.3%]     5,500 users  demand= 0.003 Tbps
            TN : No 5G Tower in Geographic Range
            NTN: NTN Bandwidth too low for QoS (Req: 0.087 MHz)
  [  0.2%]     4,952 users  demand= 0.002 Tbps
            TN : 5G Bandwidth too low for QoS (Req: 0.0 MHz)
            NTN: NTN Bandwidth too low for QoS (Req: 0.084 MHz)
  [  0.2%]     4,130 users  demand= 0.002 Tbps
            TN : No 5G Tower in Geographic Range
            NTN: NTN Bandwidth too low for QoS (Req: 0.086 MHz)
  [  0.2%]     3,715 users  demand= 0.002 Tbps
            TN : No 5G Tower in Geographic Range
            NTN: NTN SINR too low (-1.5 dB)
  [  0.2%]     3,452 users  demand= 0.002 Tbps
            TN : 5G Congestion (Tower Empty)
            NTN: NTN Beam Congested (Empty)

=== DROPS BY REGION (split at Lat 46.0) ===

  SOUTH (Lat <  46.0): 10,923,817 users  demand=5.286 Tbps  served=4.251  dropped=1.035 Tbps ( 19.6% dropped)
    TN reason among dropped:
       11.9%    253,987  No 5G Tower in Geographic Range
       10.2%    217,729  5G Bandwidth too low for QoS (Req: 0.0 MHz)
        5.3%    113,204  5G Bandwidth too low for QoS (Req: 0.1 MHz)
        0.9%     20,026  5G Bandwidth too low for QoS (Req: 0.2 MHz)
    NTN reason among dropped:
       83.0%  1,776,094  NTN Beam Congested (Empty)
        2.8%     60,348  NTN SINR too low (-0.9 dB)
        2.4%     52,167  NTN Bandwidth too low for QoS (Req: 0.085 MHz)
        2.2%     47,237  NTN Bandwidth too low for QoS (Req: 0.086 MHz)

  NORTH (Lat >= 46.0): 712,101 users  demand=0.344 Tbps  served=0.332  dropped=0.012 Tbps (  3.5% dropped)
    TN reason among dropped:
       17.7%      4,350  5G Bandwidth too low for QoS (Req: 0.0 MHz)
       12.9%      3,212  5G Bandwidth too low for QoS (Req: 0.1 MHz)
        4.7%      1,151  No 5G Tower in Geographic Range
        2.6%        623  5G Bandwidth too low for QoS (Req: 0.2 MHz)
    NTN reason among dropped:
       81.1%     19,690  NTN Beam Congested (Empty)
        4.2%      1,053  NTN Bandwidth too low for QoS (Req: 0.055 MHz)
        3.9%      1,017  NTN Bandwidth too low for QoS (Req: 0.054 MHz)
        3.3%        837  NTN SINR too low (-1.3 dB)

=== TN_REASON tally (all users) ===
   8,915,462  Fully Served
     490,166  No 5G Tower in Geographic Range
     242,508  5G Bandwidth too low for QoS (Req: 0.0 MHz)
     144,302  5G Bandwidth too low for QoS (Req: 0.1 MHz)
      26,785  5G Bandwidth too low for QoS (Req: 0.2 MHz)
      10,836  5G Bandwidth too low for QoS (Req: 0.3 MHz)
       9,229  Partially Served (Congested)
       8,486  5G Congestion (Tower Empty)
       2,835  5G SINR too low (-5.1 dB)
       2,797  5G SINR too low (-5.2 dB)

=== NTN_REASON tally (all users) ===
   1,795,832  NTN Beam Congested (Empty)
     545,698  Fully Served
      60,349  NTN SINR too low (-0.9 dB)
      52,167  NTN Bandwidth too low for QoS (Req: 0.085 MHz)
      47,238  NTN Bandwidth too low for QoS (Req: 0.086 MHz)
      42,474  NTN Bandwidth too low for QoS (Req: 0.087 MHz)
      26,136  NTN Bandwidth too low for QoS (Req: 0.084 MHz)
      25,322  NTN SINR too low (-1.5 dB)
      16,564  NTN Bandwidth too low for QoS (Req: 0.088 MHz)
      16,399  NTN SINR too low (-1.0 dB)

=== SINR DISTRIBUTIONS (served + evaluated users) ===
  TN  SINR (all evaluated): n=11,145,752  mean= 25.24 dB  median= 24.72  p5=  1.82  p95= 51.14  min=-41.63  max=116.99
      below floor (-3.0 dB): 198,634 (1.78%)   p1=-5.55  p99=62.26
  TN  SINR (served only) : n=8,924,691  mean= 29.06 dB  median= 29.19  p5=  6.25  p95= 52.77  min= -5.00  max=116.99
      below floor (-3.0 dB): 17,315 (0.19%)   p1=0.53  p99=63.67
  NTN SINR (all evaluated): n=2,711,227  mean=  5.80 dB  median=  6.87  p5=  1.32  p95=  9.01  min= -2.16  max= 13.00
      below floor (+0.0 dB): 108,204 (3.99%)   p1=-1.49  p99=11.11
  NTN SINR (served only) : n=545,825  mean=  7.31 dB  median=  7.52  p5=  2.67  p95= 11.10  min= -0.86  max= 13.00
      below floor (+0.0 dB): 2 (0.00%)   p1=1.04  p99=12.03

=== LOW-SINR USERS by final state ===
  TN  SINR < -3.0 dB : 198,634 users
        DROPPED : 129,808
        LEO     : 51,511
        TN      : 17,315
  NTN SINR < +0.0 dB : 108,204 users
        DROPPED : 108,202
        LEO     : 2

Saved SINR histograms to sinr_distributions.png

=== TN SINR COMPONENTS (served TN users) ===
  Signal  S     : median=  -32.52 dBm  p5=  -57.70  p95=   -2.81  mean=  -32.26
  Interf. I     : median=  -62.50 dBm  p5=  -73.20  p95=  -45.70  mean=  -61.35
  Noise   N     : median=  -87.00 dBm  p5=  -93.99  p95=  -87.00  mean=  -89.40
  I/N ratio     : median=   26.41 dB  p5=   14.59  p95=   46.69  mean=   28.06
  interferers   : median=195  mean=196.9  max=483  zero=1,991 users
  --> INTERFERENCE-LIMITED: median I/N = +26.4 dB, 0% of users have I < N.
      Interference dominates noise, yet check if SINR is still high:
      if so, the serving-signal term (power+gains) is too strong.

=== TOP 15 BUSIEST TOWERS (by served demand) ===
      BS_15540  users=   2,045  served=    962.0 Mbps
       BS_4255  users=   1,897  served=    944.3 Mbps
       BS_9019  users=   1,943  served=    943.5 Mbps
      BS_15477  users=   1,898  served=    939.8 Mbps
      BS_13073  users=   1,892  served=    938.9 Mbps
      BS_10100  users=   1,997  served=    938.3 Mbps
       BS_5307  users=   2,004  served=    937.5 Mbps
      BS_16729  users=   1,927  served=    937.4 Mbps
      BS_10699  users=   1,894  served=    932.7 Mbps
      BS_16114  users=   1,872  served=    932.1 Mbps
      BS_19337  users=   1,986  served=    931.4 Mbps
       BS_7168  users=   1,870  served=    930.3 Mbps
      BS_11937  users=   1,882  served=    929.2 Mbps
      BS_20767  users=   1,908  served=    927.6 Mbps
       BS_7435  users=   1,946  served=    927.6 Mbps
  map: 0 true coverage-hole drops, 2,165,402 congestion drops

Saved map to drop_analysis.png
Done. See the printed breakdown above and drop_analysis.png.
