Loaded 11,635,918 rows.
Filtered to hour 20.0: 11,635,918 rows.

Total demand in log: 5.631 Tbps over 11,635,918 active users

=== FINAL STATE ===
  TN          users= 9,199,546  demand=  4.454 Tbps  ( 79.1% of demand)
  DROPPED     users= 2,100,684  demand=  1.016 Tbps  ( 18.0% of demand)
  LEO         users=   335,688  demand=  0.161 Tbps  (  2.9% of demand)

=== DROP ROOT CAUSE  (2,100,684 dropped users, 1.016 Tbps) ===
  [ 53.0%] 1,112,555 users  demand= 0.538 Tbps
            TN : 5G Congestion (Tower Empty)
            NTN: NTN Beam Congested (Empty)
  [ 12.5%]   262,363 users  demand= 0.127 Tbps
            TN : No 5G Tower in Geographic Range
            NTN: NTN Beam Congested (Empty)
  [  5.7%]   120,281 users  demand= 0.058 Tbps
            TN : 5G Bandwidth too low for QoS (Req: 0.0 MHz)
            NTN: NTN Beam Congested (Empty)
  [  4.5%]    93,953 users  demand= 0.046 Tbps
            TN : 5G Bandwidth too low for QoS (Req: 0.1 MHz)
            NTN: NTN Beam Congested (Empty)
  [  1.1%]    22,197 users  demand= 0.011 Tbps
            TN : 5G Bandwidth too low for QoS (Req: 0.2 MHz)
            NTN: NTN Beam Congested (Empty)
  [  0.8%]    17,651 users  demand= 0.008 Tbps
            TN : 5G Congestion (Tower Empty)
            NTN: NTN Bandwidth too low for QoS (Req: 0.056 MHz)
  [  0.7%]    14,435 users  demand= 0.007 Tbps
            TN : No 5G Tower in Geographic Range
            NTN: NTN Bandwidth too low for QoS (Req: 0.059 MHz)
  [  0.7%]    14,611 users  demand= 0.007 Tbps
            TN : 5G Congestion (Tower Empty)
            NTN: NTN Bandwidth too low for QoS (Req: 0.062 MHz)
  [  0.7%]    14,336 users  demand= 0.007 Tbps
            TN : 5G Congestion (Tower Empty)
            NTN: NTN Bandwidth too low for QoS (Req: 0.092 MHz)
  [  0.7%]    14,173 users  demand= 0.007 Tbps
            TN : 5G Congestion (Tower Empty)
            NTN: NTN Bandwidth too low for QoS (Req: 0.061 MHz)
  [  0.7%]    13,409 users  demand= 0.007 Tbps
            TN : 5G Congestion (Tower Empty)
            NTN: NTN Bandwidth too low for QoS (Req: 0.063 MHz)
  [  0.6%]    13,598 users  demand= 0.007 Tbps
            TN : 5G Congestion (Tower Empty)
            NTN: NTN Bandwidth too low for QoS (Req: 0.060 MHz)

=== DROPS BY REGION (split at Lat 46.0) ===

  SOUTH (Lat <  46.0): 11,031,277 users  demand=5.338 Tbps  served=4.336  dropped=1.002 Tbps ( 18.8% dropped)
    TN reason among dropped:
       62.2%  1,289,666  5G Congestion (Tower Empty)
       15.0%    311,241  No 5G Tower in Geographic Range
        7.2%    148,758  5G Bandwidth too low for QoS (Req: 0.0 MHz)
        5.7%    118,624  5G Bandwidth too low for QoS (Req: 0.1 MHz)
    NTN reason among dropped:
       83.4%  1,727,805  NTN Beam Congested (Empty)
        1.7%     35,084  NTN Bandwidth too low for QoS (Req: 0.059 MHz)
        1.3%     26,665  NTN Bandwidth too low for QoS (Req: 0.060 MHz)
        1.2%     25,444  NTN Bandwidth too low for QoS (Req: 0.061 MHz)

  NORTH (Lat >= 46.0): 604,641 users  demand=0.292 Tbps  served=0.279  dropped=0.014 Tbps (  4.8% dropped)
    TN reason among dropped:
       77.2%     22,201  5G Congestion (Tower Empty)
        8.4%      2,373  5G Bandwidth too low for QoS (Req: 0.0 MHz)
        6.3%      1,808  5G Bandwidth too low for QoS (Req: 0.1 MHz)
        1.2%        340  5G Bandwidth too low for QoS (Req: 0.2 MHz)
    NTN reason among dropped:
      100.0%     28,703  NTN Beam Congested (Empty)

=== TN_REASON tally (all users) ===
   9,189,321  Fully Served
   1,541,255  5G Congestion (Tower Empty)
     328,687  No 5G Tower in Geographic Range
     168,565  5G Bandwidth too low for QoS (Req: 0.0 MHz)
     147,586  5G Bandwidth too low for QoS (Req: 0.1 MHz)
      35,153  5G Bandwidth too low for QoS (Req: 0.2 MHz)
      17,512  5G Bandwidth too low for QoS (Req: 0.3 MHz)
      10,225  Partially Served (Congested)
       4,923  5G Bandwidth too low for QoS (Req: 0.4 MHz)
       4,271  5G SINR too low (-5.1 dB)

=== NTN_REASON tally (all users) ===
   1,756,561  NTN Beam Congested (Empty)
     335,566  Fully Served
      35,084  NTN Bandwidth too low for QoS (Req: 0.059 MHz)
      26,665  NTN Bandwidth too low for QoS (Req: 0.060 MHz)
      25,445  NTN Bandwidth too low for QoS (Req: 0.061 MHz)
      24,356  NTN Bandwidth too low for QoS (Req: 0.062 MHz)
      24,171  NTN Bandwidth too low for QoS (Req: 0.056 MHz)
      20,634  NTN Bandwidth too low for QoS (Req: 0.092 MHz)
      20,023  NTN Bandwidth too low for QoS (Req: 0.093 MHz)
      19,941  NTN Bandwidth too low for QoS (Req: 0.063 MHz)

=== SINR DISTRIBUTIONS (served + evaluated users) ===
  TN  SINR (all evaluated): n=11,307,231  mean= 17.64 dB  median= 17.08  p5= -1.81  p95= 38.82  min=-40.81  max= 79.20
      below floor (-3.0 dB): 409,891 (3.63%)   p1=-7.30  p99=46.58
  TN  SINR (served only) : n=9,199,546  mean= 20.05 dB  median= 19.80  p5=  0.78  p95= 39.97  min= -5.00  max= 79.20
      below floor (-3.0 dB): 122,924 (1.34%)   p1=-3.46  p99=47.42
  NTN SINR (all evaluated): n=2,436,372  mean=  5.96 dB  median=  6.80  p5=  3.21  p95=  9.00  min= -1.18  max= 13.29
      below floor (+0.0 dB): 944 (0.04%)   p1=1.07  p99=10.74
  NTN SINR (served only) : n=335,688  mean=  7.70 dB  median=  7.87  p5=  3.35  p95= 11.12  min=  0.00  max= 13.29
      below floor (+0.0 dB): 0 (0.00%)   p1=1.44  p99=12.12

=== LOW-SINR USERS by final state ===
  TN  SINR < -3.0 dB : 409,891 users
        DROPPED : 235,520
        TN      : 122,924
        LEO     : 51,447
  NTN SINR < +0.0 dB : 944 users
        DROPPED : 944

Saved SINR histograms to sinr_distributions.png

=== TN SINR COMPONENTS (served TN users) ===
  Signal  S     : median=  -36.74 dBm  p5=  -58.98  p95=  -12.78  mean=  -36.40
  Interf. I     : median=  -58.76 dBm  p5=  -70.20  p95=  -39.00  mean=  -57.25
  Noise   N     : median=  -87.00 dBm  p5=  -93.99  p95=  -87.00  mean=  -89.03
  I/N ratio     : median=   30.10 dB  p5=   17.96  p95=   51.52  mean=   31.78
  interferers   : median=368  mean=332.7  max=611  zero=0 users
  --> INTERFERENCE-LIMITED: median I/N = +30.1 dB, 0% of users have I < N.
      Interference dominates noise, yet check if SINR is still high:
      if so, the serving-signal term (power+gains) is too strong.

=== TOP 15 BUSIEST TOWERS (by served demand) ===
      BS_21076  users=   1,419  served=    707.5 Mbps
       BS_7548  users=   1,378  served=    672.0 Mbps
      BS_23826  users=   1,432  served=    671.8 Mbps
      BS_17116  users=   1,361  served=    669.2 Mbps
      BS_16576  users=   1,340  served=    666.5 Mbps
      BS_19524  users=   1,363  served=    665.8 Mbps
      BS_17422  users=   1,419  served=    665.2 Mbps
      BS_26395  users=   1,384  served=    661.1 Mbps
      BS_26569  users=   1,376  served=    661.0 Mbps
      BS_20268  users=   1,341  served=    659.7 Mbps
      BS_17197  users=   1,278  served=    659.1 Mbps
      BS_21918  users=   1,340  served=    658.0 Mbps
      BS_19078  users=   1,347  served=    656.8 Mbps
      BS_22935  users=   1,337  served=    656.3 Mbps
      BS_29545  users=   1,325  served=    656.1 Mbps
  map: 0 true coverage-hole drops, 2,100,684 congestion drops

Saved map to drop_analysis.png
Done. See the printed breakdown above and drop_analysis.png.
