Loaded 11,620,821 rows.
Filtered to hour 20.0: 11,620,821 rows.

Total demand in log: 5.623 Tbps over 11,620,821 active users

=== FINAL STATE ===
  TN          users=11,477,169  demand=  5.555 Tbps  ( 98.8% of demand)
  LEO         users=   115,004  demand=  0.055 Tbps  (  1.0% of demand)
  DROPPED     users=    28,648  demand=  0.014 Tbps  (  0.2% of demand)

=== DROP ROOT CAUSE  (28,648 dropped users, 0.014 Tbps) ===
  [ 57.2%]    16,363 users  demand= 0.008 Tbps
            TN : 5G Congestion (Tower Empty)
            NTN: NTN Beam Congested (Empty)
  [ 10.0%]     2,904 users  demand= 0.001 Tbps
            TN : 5G Bandwidth too low for QoS (Req: 0.0 MHz)
            NTN: NTN Beam Congested (Empty)
  [  2.9%]       839 users  demand= 0.000 Tbps
            TN : 5G Congestion (Tower Empty)
            NTN: NTN Bandwidth too low for QoS (Req: 0.091 MHz)
  [  2.6%]       739 users  demand= 0.000 Tbps
            TN : 5G Congestion (Tower Empty)
            NTN: NTN Bandwidth too low for QoS (Req: 0.103 MHz)
  [  2.4%]       698 users  demand= 0.000 Tbps
            TN : 5G Congestion (Tower Empty)
            NTN: NTN Bandwidth too low for QoS (Req: 0.101 MHz)
  [  2.4%]       674 users  demand= 0.000 Tbps
            TN : 5G Bandwidth too low for QoS (Req: 0.1 MHz)
            NTN: NTN Beam Congested (Empty)
  [  2.1%]       635 users  demand= 0.000 Tbps
            TN : 5G Congestion (Tower Empty)
            NTN: NTN Bandwidth too low for QoS (Req: 0.092 MHz)
  [  2.1%]       592 users  demand= 0.000 Tbps
            TN : 5G Congestion (Tower Empty)
            NTN: NTN Bandwidth too low for QoS (Req: 0.067 MHz)
  [  2.0%]       572 users  demand= 0.000 Tbps
            TN : 5G Congestion (Tower Empty)
            NTN: NTN Bandwidth too low for QoS (Req: 0.104 MHz)
  [  2.0%]       544 users  demand= 0.000 Tbps
            TN : 5G Congestion (Tower Empty)
            NTN: NTN Bandwidth too low for QoS (Req: 0.102 MHz)
  [  1.8%]       504 users  demand= 0.000 Tbps
            TN : 5G Congestion (Tower Empty)
            NTN: NTN Bandwidth too low for QoS (Req: 0.058 MHz)
  [  1.8%]       480 users  demand= 0.000 Tbps
            TN : 5G Bandwidth too low for QoS (Req: 0.0 MHz)
            NTN: NTN Bandwidth too low for QoS (Req: 0.102 MHz)

=== DROPS BY REGION (split at Lat 46.0) ===

  SOUTH (Lat <  46.0): 11,025,826 users  demand=5.336 Tbps  served=5.322  dropped=0.014 Tbps (  0.3% dropped)
    TN reason among dropped:
       79.6%     22,733  5G Congestion (Tower Empty)
       15.7%      4,553  5G Bandwidth too low for QoS (Req: 0.0 MHz)
        3.4%        971  5G Bandwidth too low for QoS (Req: 0.1 MHz)
        0.3%        110  5G Bandwidth too low for QoS (Req: 0.2 MHz)
    NTN reason among dropped:
       70.2%     20,139  NTN Beam Congested (Empty)
        4.0%      1,093  NTN Bandwidth too low for QoS (Req: 0.102 MHz)
        3.7%      1,108  NTN Bandwidth too low for QoS (Req: 0.101 MHz)
        3.3%        959  NTN Bandwidth too low for QoS (Req: 0.067 MHz)

  NORTH (Lat >= 46.0): 594,995 users  demand=0.288 Tbps  served=0.288  dropped=0.000 Tbps (  0.0% dropped)

=== TN_REASON tally (all users) ===
  11,474,161  Fully Served
     101,951  5G Congestion (Tower Empty)
      19,636  5G Bandwidth too low for QoS (Req: 0.0 MHz)
      12,562  No 5G Tower in Geographic Range
       6,573  5G Bandwidth too low for QoS (Req: 0.1 MHz)
       3,008  Partially Served (Congested)
       1,031  5G Bandwidth too low for QoS (Req: 0.2 MHz)
         483  5G Bandwidth too low for QoS (Req: 0.3 MHz)
         162  5G Bandwidth too low for QoS (Req: 0.4 MHz)
          47  5G SINR too low (-5.1 dB)

=== NTN_REASON tally (all users) ===
     114,982  Fully Served
      20,150  NTN Beam Congested (Empty)
       1,108  NTN Bandwidth too low for QoS (Req: 0.101 MHz)
       1,093  NTN Bandwidth too low for QoS (Req: 0.102 MHz)
         959  NTN Bandwidth too low for QoS (Req: 0.067 MHz)
         925  NTN Bandwidth too low for QoS (Req: 0.091 MHz)
         895  NTN Bandwidth too low for QoS (Req: 0.103 MHz)
         688  NTN Bandwidth too low for QoS (Req: 0.092 MHz)
         636  NTN Bandwidth too low for QoS (Req: 0.104 MHz)
         536  NTN Bandwidth too low for QoS (Req: 0.058 MHz)

=== SINR DISTRIBUTIONS (served + evaluated users) ===
  TN  SINR (all evaluated): n=11,608,259  mean= 24.62 dB  median= 23.55  p5=  9.98  p95= 42.75  min=-28.87  max=107.11
      below floor (-3.0 dB): 20,762 (0.18%)   p1=2.43  p99=54.01
  TN  SINR (served only) : n=11,477,169  mean= 24.77 dB  median= 23.67  p5= 10.29  p95= 42.83  min= -5.00  max=107.11
      below floor (-3.0 dB): 17,466 (0.15%)   p1=2.86  p99=54.09
  NTN SINR (all evaluated): n=143,652  mean=  7.16 dB  median=  7.47  p5=  2.43  p95= 10.96  min= -0.36  max= 13.40
      below floor (+0.0 dB): 17 (0.01%)   p1=1.26  p99=11.89
  NTN SINR (served only) : n=115,004  mean=  7.93 dB  median=  7.87  p5=  3.52  p95= 11.18  min=  0.78  max= 13.40
      below floor (+0.0 dB): 0 (0.00%)   p1=1.90  p99=11.95

=== LOW-SINR USERS by final state ===
  TN  SINR < -3.0 dB : 20,762 users
        TN      : 17,466
        LEO     : 2,908
        DROPPED : 388
  NTN SINR < +0.0 dB : 17 users
        DROPPED : 17

Saved SINR histograms to sinr_distributions.png

=== TN SINR COMPONENTS (served TN users) ===
  Signal  S     : median=  -41.43 dBm  p5=  -56.61  p95=  -22.62  mean=  -40.72
  Interf. I     : median=  -66.97 dBm  p5=  -77.01  p95=  -58.14  mean=  -67.17
  Noise   N     : median=  -87.00 dBm  p5=  -93.99  p95=  -87.00  mean=  -88.85
  I/N ratio     : median=   21.13 dB  p5=   13.14  p95=   32.04  mean=   21.67
  interferers   : median=3189  mean=3404.4  max=9879  zero=806 users
  --> INTERFERENCE-LIMITED: median I/N = +21.1 dB, 0% of users have I < N.
      Interference dominates noise, yet check if SINR is still high:
      if so, the serving-signal term (power+gains) is too strong.

=== TOP 15 BUSIEST TOWERS (by served demand) ===
     BS_376957  users=     361  served=    175.9 Mbps
     BS_377447  users=     331  served=    172.7 Mbps
     BS_377443  users=     339  served=    171.6 Mbps
     BS_191614  users=     348  served=    171.6 Mbps
     BS_377224  users=     343  served=    171.1 Mbps
     BS_377521  users=     341  served=    166.9 Mbps
     BS_376684  users=     333  served=    165.8 Mbps
     BS_377526  users=     345  served=    163.6 Mbps
     BS_110536  users=     314  served=    163.3 Mbps
     BS_384041  users=     322  served=    163.1 Mbps
     BS_383882  users=     348  served=    162.3 Mbps
     BS_377037  users=     293  served=    162.1 Mbps
     BS_376811  users=     325  served=    161.7 Mbps
     BS_377524  users=     337  served=    161.6 Mbps
     BS_291667  users=     316  served=    160.9 Mbps
  map: 0 true coverage-hole drops, 28,648 congestion drops

Saved map to drop_analysis.png
Done. See the printed breakdown above and drop_analysis.png.
