Loaded 11,635,918 rows.
Filtered to hour 20.0: 11,635,918 rows.

Total demand in log: 5.631 Tbps over 11,635,918 active users

=== FINAL STATE ===
  TN          users= 8,783,603  demand=  4.251 Tbps  ( 75.5% of demand)
  DROPPED     users= 1,890,081  demand=  0.914 Tbps  ( 16.2% of demand)
  LEO         users=   962,234  demand=  0.465 Tbps  (  8.3% of demand)

=== DROP ROOT CAUSE  (1,890,081 dropped users, 0.914 Tbps) ===
  [ 35.3%]   665,773 users  demand= 0.322 Tbps
            TN : No 5G Tower in Geographic Range
            NTN: NTN Beam Congested (Empty)
  [  7.8%]   148,533 users  demand= 0.072 Tbps
            TN : 5G Bandwidth too low for QoS (Req: 0.0 MHz)
            NTN: NTN Beam Congested (Empty)
  [  1.1%]    20,505 users  demand= 0.010 Tbps
            TN : No 5G Tower in Geographic Range
            NTN: NTN Bandwidth too low for QoS (Req: 0.060 MHz)
  [  0.9%]    17,869 users  demand= 0.009 Tbps
            TN : No 5G Tower in Geographic Range
            NTN: NTN SINR too low (-0.6 dB)
  [  0.7%]    13,385 users  demand= 0.006 Tbps
            TN : No 5G Tower in Geographic Range
            NTN: NTN Bandwidth too low for QoS (Req: 0.061 MHz)
  [  0.7%]    12,859 users  demand= 0.006 Tbps
            TN : 5G Bandwidth too low for QoS (Req: 0.0 MHz)
            NTN: NTN SINR too low (-0.6 dB)
  [  0.6%]    11,737 users  demand= 0.006 Tbps
            TN : No 5G Tower in Geographic Range
            NTN: NTN SINR too low (-0.7 dB)
  [  0.6%]    11,019 users  demand= 0.005 Tbps
            TN : No 5G Tower in Geographic Range
            NTN: NTN Bandwidth too low for QoS (Req: 0.062 MHz)
  [  0.5%]    10,206 users  demand= 0.005 Tbps
            TN : No 5G Tower in Geographic Range
            NTN: NTN Bandwidth too low for QoS (Req: 0.059 MHz)
  [  0.5%]     8,694 users  demand= 0.004 Tbps
            TN : No 5G Tower in Geographic Range
            NTN: NTN Bandwidth too low for QoS (Req: 0.063 MHz)
  [  0.4%]     7,754 users  demand= 0.004 Tbps
            TN : 5G Bandwidth too low for QoS (Req: 0.1 MHz)
            NTN: NTN Beam Congested (Empty)
  [  0.4%]     6,928 users  demand= 0.003 Tbps
            TN : No 5G Tower in Geographic Range
            NTN: NTN Bandwidth too low for QoS (Req: 0.080 MHz)

=== DROPS BY REGION (split at Lat 46.0) ===

  SOUTH (Lat <  46.0): 10,923,817 users  demand=5.286 Tbps  served=4.386  dropped=0.900 Tbps ( 17.0% dropped)
    TN reason among dropped:
       45.7%    849,762  No 5G Tower in Geographic Range
       10.7%    199,317  5G Bandwidth too low for QoS (Req: 0.0 MHz)
        0.6%     11,369  5G Bandwidth too low for QoS (Req: 0.1 MHz)
        0.1%      2,203  5G Congestion (Tower Empty)
    NTN reason among dropped:
       76.6%  1,424,892  NTN Beam Congested (Empty)
        3.0%     56,191  NTN SINR too low (-0.6 dB)
        2.0%     36,355  NTN Bandwidth too low for QoS (Req: 0.060 MHz)
        1.5%     27,970  NTN Bandwidth too low for QoS (Req: 0.061 MHz)

  NORTH (Lat >= 46.0): 712,101 users  demand=0.344 Tbps  served=0.330  dropped=0.014 Tbps (  4.0% dropped)
    TN reason among dropped:
       29.2%      8,317  No 5G Tower in Geographic Range
        8.8%      2,510  5G Bandwidth too low for QoS (Req: 0.0 MHz)
        0.7%        202  5G Bandwidth too low for QoS (Req: 0.1 MHz)
        0.1%         25  5G Congestion (Tower Empty)
    NTN reason among dropped:
       70.0%     20,167  NTN Beam Congested (Empty)
        7.5%      2,163  NTN SINR too low (-0.6 dB)
        5.3%      1,522  NTN Bandwidth too low for QoS (Req: 0.053 MHz)
        4.7%      1,378  NTN Bandwidth too low for QoS (Req: 0.052 MHz)

=== TN_REASON tally (all users) ===
   8,779,428  Fully Served
   1,516,631  No 5G Tower in Geographic Range
     262,955  5G Bandwidth too low for QoS (Req: 0.0 MHz)
      15,462  5G Bandwidth too low for QoS (Req: 0.1 MHz)
       4,175  Partially Served (Congested)
       4,016  5G Congestion (Tower Empty)
       1,315  5G Bandwidth too low for QoS (Req: 0.2 MHz)
         476  5G Bandwidth too low for QoS (Req: 0.3 MHz)
         138  5G SINR too low (-5.3 dB)
         126  5G SINR too low (-5.2 dB)

=== NTN_REASON tally (all users) ===
   1,445,167  NTN Beam Congested (Empty)
     961,941  Fully Served
      58,356  NTN SINR too low (-0.6 dB)
      36,356  NTN Bandwidth too low for QoS (Req: 0.060 MHz)
      27,972  NTN Bandwidth too low for QoS (Req: 0.061 MHz)
      26,471  NTN Bandwidth too low for QoS (Req: 0.062 MHz)
      19,619  NTN SINR too low (-0.7 dB)
      17,635  NTN Bandwidth too low for QoS (Req: 0.063 MHz)
      15,882  NTN Bandwidth too low for QoS (Req: 0.059 MHz)
      13,527  NTN Bandwidth too low for QoS (Req: 0.067 MHz)

=== SINR DISTRIBUTIONS (served + evaluated users) ===
  TN  SINR (all evaluated): n=10,119,287  mean= 39.78 dB  median= 40.19  p5= 14.73  p95= 65.38  min=-25.97  max=122.04
      below floor (-3.0 dB): 8,174 (0.08%)   p1=6.98  p99=76.15
  TN  SINR (served only) : n=8,783,603  mean= 42.68 dB  median= 43.23  p5= 18.47  p95= 66.37  min= -5.00  max=122.04
      below floor (-3.0 dB): 1,272 (0.01%)   p1=10.68  p99=77.05
  NTN SINR (all evaluated): n=2,852,315  mean=  5.37 dB  median=  5.75  p5=  1.20  p95=  9.82  min= -2.12  max= 13.00
      below floor (+0.0 dB): 101,408 (3.56%)   p1=-0.64  p99=11.37
  NTN SINR (served only) : n=962,234  mean=  7.18 dB  median=  7.47  p5=  1.83  p95= 10.99  min= -1.58  max= 13.00
      below floor (+0.0 dB): 16 (0.00%)   p1=0.76  p99=12.10

=== LOW-SINR USERS by final state ===
  TN  SINR < -3.0 dB : 8,174 users
        DROPPED : 5,275
        LEO     : 1,627
        TN      : 1,272
  NTN SINR < +0.0 dB : 101,408 users
        DROPPED : 101,392
        LEO     : 16

Saved SINR histograms to sinr_distributions.png

=== TN SINR COMPONENTS (served TN users) ===
  Signal  S     : median=  -31.92 dBm  p5=  -57.28  p95=    0.54  mean=  -31.19
  Interf. I     : median=  -75.51 dBm  p5=  -90.26  p95=  -56.93  mean=  -74.90
  Noise   N     : median=  -87.00 dBm  p5=  -93.99  p95=  -87.00  mean=  -88.76
  I/N ratio     : median=   12.40 dB  p5=   -3.20  p95=   35.86  mean=   13.86
  interferers   : median=110  mean=97.2  max=190  zero=3,596 users
  --> INTERFERENCE-LIMITED: median I/N = +12.4 dB, 13% of users have I < N.
      Interference dominates noise, yet check if SINR is still high:
      if so, the serving-signal term (power+gains) is too strong.

=== TOP 15 BUSIEST TOWERS (by served demand) ===
       BS_2663  users=   2,375  served=   1175.0 Mbps
       BS_6389  users=   2,410  served=   1171.1 Mbps
       BS_5865  users=   2,376  served=   1171.0 Mbps
       BS_3534  users=   2,411  served=   1168.1 Mbps
       BS_3895  users=   2,427  served=   1164.5 Mbps
       BS_2031  users=   2,386  served=   1163.5 Mbps
       BS_3503  users=   2,361  served=   1160.5 Mbps
       BS_1987  users=   2,444  served=   1155.0 Mbps
       BS_4013  users=   2,409  served=   1154.9 Mbps
       BS_7234  users=   2,397  served=   1154.5 Mbps
       BS_3273  users=   2,392  served=   1152.9 Mbps
       BS_5965  users=   2,374  served=   1151.1 Mbps
       BS_5286  users=   2,318  served=   1147.2 Mbps
       BS_3983  users=   2,386  served=   1145.8 Mbps
       BS_8726  users=   2,394  served=   1144.2 Mbps
  map: 0 true coverage-hole drops, 1,890,081 congestion drops

Saved map to drop_analysis.png
Done. See the printed breakdown above and drop_analysis.png.
