Defaulting to user installation because normal site-packages is not writeable
Requirement already satisfied: affine in /Utilisateurs/dbenguer/.local/lib/python3.11/site-packages (from -r requirements.txt (line 1)) (2.4.0)
Requirement already satisfied: aiohappyeyeballs in /Utilisateurs/dbenguer/.local/lib/python3.11/site-packages (from -r requirements.txt (line 2)) (2.6.2)
Requirement already satisfied: aiohttp in /Utilisateurs/dbenguer/.local/lib/python3.11/site-packages (from -r requirements.txt (line 3)) (3.14.1)
Requirement already satisfied: aiohttp-retry in /Utilisateurs/dbenguer/.local/lib/python3.11/site-packages (from -r requirements.txt (line 4)) (2.9.1)
Requirement already satisfied: aiosignal in /Utilisateurs/dbenguer/.local/lib/python3.11/site-packages (from -r requirements.txt (line 5)) (1.4.0)
Requirement already satisfied: alembic in /Utilisateurs/dbenguer/.local/lib/python3.11/site-packages (from -r requirements.txt (line 6)) (1.18.4)
Requirement already satisfied: amqp in /Utilisateurs/dbenguer/.local/lib/python3.11/site-packages (from -r requirements.txt (line 7)) (5.3.1)
Requirement already satisfied: annotated-doc in /Utilisateurs/dbenguer/.local/lib/python3.11/site-packages (from -r requirements.txt (line 8)) (0.0.4)
Requirement already satisfied: annotated-types in /Utilisateurs/dbenguer/.local/lib/python3.11/site-packages (from -r requirements.txt (line 9)) (0.7.0)
Requirement already satisfied: antlr4-python3-runtime in /Utilisateurs/dbenguer/.local/lib/python3.11/site-packages (from -r requirements.txt (line 10)) (4.9.3)
Requirement already satisfied: anyio in /Utilisateurs/dbenguer/.local/lib/python3.11/site-packages (from -r requirements.txt (line 11)) (4.14.0)
Requirement already satisfied: appdirs in /Utilisateurs/dbenguer/.local/lib/python3.11/site-packages (from -r requirements.txt (line 12)) (1.4.4)
Requirement already satisfied: argon2-cffi in /Utilisateurs/dbenguer/.local/lib/python3.11/site-packages (from -r requirements.txt (line 13)) (25.1.0)
Requirement already satisfied: argon2-cffi-bindings in /Utilisateurs/dbenguer/.local/lib/python3.11/site-packages (from -r requirements.txt (line 14)) (25.1.0)
Requirement already satisfied: arrow in /Utilisateurs/dbenguer/.local/lib/python3.11/site-packages (from -r requirements.txt (line 15)) (1.4.0)
Requirement already satisfied: astropy in /Utilisateurs/dbenguer/.local/lib/python3.11/site-packages (from -r requirements.txt (line 16)) (7.2.0)
Requirement already satisfied: astropy-iers-data in /Utilisateurs/dbenguer/.local/lib/python3.11/site-packages (from -r requirements.txt (line 17)) (0.2026.6.15.15.33.16)
Requirement already satisfied: asttokens in /Utilisateurs/dbenguer/.local/lib/python3.11/site-packages (from -r requirements.txt (line 18)) (3.0.1)
Requirement already satisfied: async-lru in /Utilisateurs/dbenguer/.local/lib/python3.11/site-packages (from -r requirements.txt (line 19)) (2.3.0)
Requirement already satisfied: asyncssh in /Utilisateurs/dbenguer/.local/lib/python3.11/site-packages (from -r requirements.txt (line 20)) (2.23.1)
Requirement already satisfied: atpublic in /Utilisateurs/dbenguer/.local/lib/python3.11/site-packages (from -r requirements.txt (line 21)) (7.0.0)
Requirement already satisfied: attrs in /Utilisateurs/dbenguer/.local/lib/python3.11/site-packages (from -r requirements.txt (line 22)) (26.1.0)
Requirement already satisfied: babel in /Utilisateurs/dbenguer/.local/lib/python3.11/site-packages (from -r requirements.txt (line 23)) (2.18.0)
Requirement already satisfied: beautifulsoup4 in /Utilisateurs/dbenguer/.local/lib/python3.11/site-packages (from -r requirements.txt (line 24)) (4.15.0)
Requirement already satisfied: billiard in /Utilisateurs/dbenguer/.local/lib/python3.11/site-packages (from -r requirements.txt (line 25)) (4.2.4)
Requirement already satisfied: bleach in /Utilisateurs/dbenguer/.local/lib/python3.11/site-packages (from -r requirements.txt (line 26)) (6.4.0)
Requirement already satisfied: branca in /Utilisateurs/dbenguer/.local/lib/python3.11/site-packages (from -r requirements.txt (line 27)) (0.8.2)
Requirement already satisfied: cartopy in /Utilisateurs/dbenguer/.local/lib/python3.11/site-packages (from -r requirements.txt (line 28)) (0.25.0)
Requirement already satisfied: celery in /Utilisateurs/dbenguer/.local/lib/python3.11/site-packages (from -r requirements.txt (line 29)) (5.6.3)
Requirement already satisfied: certifi in /Utilisateurs/dbenguer/.local/lib/python3.11/site-packages (from -r requirements.txt (line 30)) (2026.5.20)
Requirement already satisfied: cffi in /Utilisateurs/dbenguer/.local/lib/python3.11/site-packages (from -r requirements.txt (line 31)) (2.0.0)
Requirement already satisfied: charset-normalizer in /Utilisateurs/dbenguer/.local/lib/python3.11/site-packages (from -r requirements.txt (line 32)) (3.4.7)
Requirement already satisfied: click in /Utilisateurs/dbenguer/.local/lib/python3.11/site-packages (from -r requirements.txt (line 33)) (8.4.1)
Requirement already satisfied: click-didyoumean in /Utilisateurs/dbenguer/.local/lib/python3.11/site-packages (from -r requirements.txt (line 34)) (0.3.1)
Requirement already satisfied: click-plugins in /Utilisateurs/dbenguer/.local/lib/python3.11/site-packages (from -r requirements.txt (line 35)) (1.1.1.2)
Requirement already satisfied: click-repl in /Utilisateurs/dbenguer/.local/lib/python3.11/site-packages (from -r requirements.txt (line 36)) (0.3.0)
Requirement already satisfied: cligj in /Utilisateurs/dbenguer/.local/lib/python3.11/site-packages (from -r requirements.txt (line 37)) (0.7.2)
Requirement already satisfied: colorama in /Utilisateurs/dbenguer/.local/lib/python3.11/site-packages (from -r requirements.txt (line 38)) (0.4.6)
Requirement already satisfied: colorlog in /Utilisateurs/dbenguer/.local/lib/python3.11/site-packages (from -r requirements.txt (line 39)) (6.10.1)
Requirement already satisfied: comm in /Utilisateurs/dbenguer/.local/lib/python3.11/site-packages (from -r requirements.txt (line 40)) (0.2.3)
Requirement already satisfied: configobj in /Utilisateurs/dbenguer/.local/lib/python3.11/site-packages (from -r requirements.txt (line 41)) (5.0.9)
Requirement already satisfied: contourpy in /Utilisateurs/dbenguer/.local/lib/python3.11/site-packages (from -r requirements.txt (line 42)) (1.3.3)
Requirement already satisfied: coverage in /Utilisateurs/dbenguer/.local/lib/python3.11/site-packages (from -r requirements.txt (line 43)) (7.14.1)
Requirement already satisfied: cryptography in /Utilisateurs/dbenguer/.local/lib/python3.11/site-packages (from -r requirements.txt (line 44)) (49.0.0)
Requirement already satisfied: cuda-bindings in /Utilisateurs/dbenguer/.local/lib/python3.11/site-packages (from -r requirements.txt (line 45)) (13.3.1)
Requirement already satisfied: cuda-pathfinder in /Utilisateurs/dbenguer/.local/lib/python3.11/site-packages (from -r requirements.txt (line 46)) (1.5.5)
Requirement already satisfied: cuda-toolkit in /Utilisateurs/dbenguer/.local/lib/python3.11/site-packages (from -r requirements.txt (line 47)) (13.0.2)
Requirement already satisfied: cycler in /Utilisateurs/dbenguer/.local/lib/python3.11/site-packages (from -r requirements.txt (line 48)) (0.12.1)
Requirement already satisfied: debugpy in /Utilisateurs/dbenguer/.local/lib/python3.11/site-packages (from -r requirements.txt (line 49)) (1.8.21)
Requirement already satisfied: decorator in /Utilisateurs/dbenguer/.local/lib/python3.11/site-packages (from -r requirements.txt (line 50)) (5.3.1)
Requirement already satisfied: defusedxml in /Utilisateurs/dbenguer/.local/lib/python3.11/site-packages (from -r requirements.txt (line 51)) (0.7.1)
Requirement already satisfied: dictdiffer in /Utilisateurs/dbenguer/.local/lib/python3.11/site-packages (from -r requirements.txt (line 52)) (0.9.0)
Requirement already satisfied: diskcache in /Utilisateurs/dbenguer/.local/lib/python3.11/site-packages (from -r requirements.txt (line 53)) (5.6.3)
Requirement already satisfied: distro in /Utilisateurs/dbenguer/.local/lib/python3.11/site-packages (from -r requirements.txt (line 54)) (1.9.0)
Requirement already satisfied: dpath in /Utilisateurs/dbenguer/.local/lib/python3.11/site-packages (from -r requirements.txt (line 55)) (2.2.0)
Requirement already satisfied: dulwich in /Utilisateurs/dbenguer/.local/lib/python3.11/site-packages (from -r requirements.txt (line 56)) (1.2.6)
Requirement already satisfied: dvc in /Utilisateurs/dbenguer/.local/lib/python3.11/site-packages (from -r requirements.txt (line 57)) (3.67.1)
Requirement already satisfied: dvc-data in /Utilisateurs/dbenguer/.local/lib/python3.11/site-packages (from -r requirements.txt (line 58)) (3.18.3)
Requirement already satisfied: dvc-http in /Utilisateurs/dbenguer/.local/lib/python3.11/site-packages (from -r requirements.txt (line 59)) (2.32.0)
Requirement already satisfied: dvc-objects in /Utilisateurs/dbenguer/.local/lib/python3.11/site-packages (from -r requirements.txt (line 60)) (5.2.0)
Requirement already satisfied: dvc-render in /Utilisateurs/dbenguer/.local/lib/python3.11/site-packages (from -r requirements.txt (line 61)) (1.0.2)
Requirement already satisfied: dvc-studio-client in /Utilisateurs/dbenguer/.local/lib/python3.11/site-packages (from -r requirements.txt (line 62)) (0.23.0)
Requirement already satisfied: dvc-task in /Utilisateurs/dbenguer/.local/lib/python3.11/site-packages (from -r requirements.txt (line 63)) (0.40.2)
Requirement already satisfied: entrypoints in /Utilisateurs/dbenguer/.local/lib/python3.11/site-packages (from -r requirements.txt (line 64)) (0.4)
Requirement already satisfied: executing in /Utilisateurs/dbenguer/.local/lib/python3.11/site-packages (from -r requirements.txt (line 65)) (2.2.1)
Requirement already satisfied: fastjsonschema in /Utilisateurs/dbenguer/.local/lib/python3.11/site-packages (from -r requirements.txt (line 66)) (2.21.2)
Requirement already satisfied: filelock in /Utilisateurs/dbenguer/.local/lib/python3.11/site-packages (from -r requirements.txt (line 67)) (3.29.4)
Requirement already satisfied: flatten-dict in /Utilisateurs/dbenguer/.local/lib/python3.11/site-packages (from -r requirements.txt (line 68)) (0.5.0)
Requirement already satisfied: flufl.lock in /Utilisateurs/dbenguer/.local/lib/python3.11/site-packages (from -r requirements.txt (line 69)) (9.1.0)
Requirement already satisfied: folium in /Utilisateurs/dbenguer/.local/lib/python3.11/site-packages (from -r requirements.txt (line 70)) (0.20.0)
Requirement already satisfied: fonttools in /Utilisateurs/dbenguer/.local/lib/python3.11/site-packages (from -r requirements.txt (line 71)) (4.63.0)
Requirement already satisfied: fqdn in /Utilisateurs/dbenguer/.local/lib/python3.11/site-packages (from -r requirements.txt (line 72)) (1.5.1)
Requirement already satisfied: frozenlist in /Utilisateurs/dbenguer/.local/lib/python3.11/site-packages (from -r requirements.txt (line 73)) (1.8.0)
Requirement already satisfied: fsspec in /Utilisateurs/dbenguer/.local/lib/python3.11/site-packages (from -r requirements.txt (line 74)) (2026.6.0)
Requirement already satisfied: funcy in /Utilisateurs/dbenguer/.local/lib/python3.11/site-packages (from -r requirements.txt (line 75)) (2.0)
Requirement already satisfied: gitdb in /Utilisateurs/dbenguer/.local/lib/python3.11/site-packages (from -r requirements.txt (line 76)) (4.0.12)
Requirement already satisfied: GitPython in /Utilisateurs/dbenguer/.local/lib/python3.11/site-packages (from -r requirements.txt (line 77)) (3.1.50)
Requirement already satisfied: grandalf in /Utilisateurs/dbenguer/.local/lib/python3.11/site-packages (from -r requirements.txt (line 78)) (0.8)
Requirement already satisfied: greenlet in /Utilisateurs/dbenguer/.local/lib/python3.11/site-packages (from -r requirements.txt (line 79)) (3.5.1)
Requirement already satisfied: gto in /Utilisateurs/dbenguer/.local/lib/python3.11/site-packages (from -r requirements.txt (line 80)) (1.9.0)
Requirement already satisfied: h11 in /Utilisateurs/dbenguer/.local/lib/python3.11/site-packages (from -r requirements.txt (line 81)) (0.16.0)
Requirement already satisfied: h3 in /Utilisateurs/dbenguer/.local/lib/python3.11/site-packages (from -r requirements.txt (line 82)) (4.5.0)
Requirement already satisfied: httpcore in /Utilisateurs/dbenguer/.local/lib/python3.11/site-packages (from -r requirements.txt (line 83)) (1.0.9)
Requirement already satisfied: httpx in /Utilisateurs/dbenguer/.local/lib/python3.11/site-packages (from -r requirements.txt (line 84)) (0.28.1)
Requirement already satisfied: hydra-core in /Utilisateurs/dbenguer/.local/lib/python3.11/site-packages (from -r requirements.txt (line 85)) (1.3.3)
Requirement already satisfied: idna in /Utilisateurs/dbenguer/.local/lib/python3.11/site-packages (from -r requirements.txt (line 86)) (3.18)
Requirement already satisfied: iniconfig in /Utilisateurs/dbenguer/.local/lib/python3.11/site-packages (from -r requirements.txt (line 87)) (2.3.0)
Requirement already satisfied: ipykernel in /Utilisateurs/dbenguer/.local/lib/python3.11/site-packages (from -r requirements.txt (line 88)) (7.3.0)
Requirement already satisfied: ipython in /Utilisateurs/dbenguer/.local/lib/python3.11/site-packages (from -r requirements.txt (line 89)) (9.14.1)
Requirement already satisfied: ipython_pygments_lexers in /Utilisateurs/dbenguer/.local/lib/python3.11/site-packages (from -r requirements.txt (line 90)) (1.1.1)
Requirement already satisfied: ipywidgets in /Utilisateurs/dbenguer/.local/lib/python3.11/site-packages (from -r requirements.txt (line 91)) (8.1.8)
Requirement already satisfied: isoduration in /Utilisateurs/dbenguer/.local/lib/python3.11/site-packages (from -r requirements.txt (line 92)) (20.11.0)
Requirement already satisfied: iterative-telemetry in /Utilisateurs/dbenguer/.local/lib/python3.11/site-packages (from -r requirements.txt (line 93)) (0.0.10)
Requirement already satisfied: itur in /Utilisateurs/dbenguer/.local/lib/python3.11/site-packages (from -r requirements.txt (line 94)) (0.4.0)
Requirement already satisfied: jedi in /Utilisateurs/dbenguer/.local/lib/python3.11/site-packages (from -r requirements.txt (line 95)) (0.20.0)
Requirement already satisfied: Jinja2 in /Utilisateurs/dbenguer/.local/lib/python3.11/site-packages (from -r requirements.txt (line 96)) (3.1.6)
Requirement already satisfied: joblib in /Utilisateurs/dbenguer/.local/lib/python3.11/site-packages (from -r requirements.txt (line 97)) (1.5.3)
Requirement already satisfied: jplephem in /Utilisateurs/dbenguer/.local/lib/python3.11/site-packages (from -r requirements.txt (line 98)) (2.24)
Requirement already satisfied: json5 in /Utilisateurs/dbenguer/.local/lib/python3.11/site-packages (from -r requirements.txt (line 99)) (0.14.0)
Requirement already satisfied: jsonpointer in /Utilisateurs/dbenguer/.local/lib/python3.11/site-packages (from -r requirements.txt (line 100)) (3.1.1)
Requirement already satisfied: jsonschema in /Utilisateurs/dbenguer/.local/lib/python3.11/site-packages (from -r requirements.txt (line 101)) (4.26.0)
Requirement already satisfied: jsonschema-specifications in /Utilisateurs/dbenguer/.local/lib/python3.11/site-packages (from -r requirements.txt (line 102)) (2025.9.1)
Requirement already satisfied: jupyter in /Utilisateurs/dbenguer/.local/lib/python3.11/site-packages (from -r requirements.txt (line 103)) (1.1.1)
Requirement already satisfied: jupyter-console in /Utilisateurs/dbenguer/.local/lib/python3.11/site-packages (from -r requirements.txt (line 104)) (6.6.3)
Requirement already satisfied: jupyter-events in /Utilisateurs/dbenguer/.local/lib/python3.11/site-packages (from -r requirements.txt (line 105)) (0.12.1)
Requirement already satisfied: jupyter-lsp in /Utilisateurs/dbenguer/.local/lib/python3.11/site-packages (from -r requirements.txt (line 106)) (2.3.1)
Requirement already satisfied: jupyter_client in /Utilisateurs/dbenguer/.local/lib/python3.11/site-packages (from -r requirements.txt (line 107)) (8.9.1)
Requirement already satisfied: jupyter_core in /Utilisateurs/dbenguer/.local/lib/python3.11/site-packages (from -r requirements.txt (line 108)) (5.9.1)
Requirement already satisfied: jupyter_server in /Utilisateurs/dbenguer/.local/lib/python3.11/site-packages (from -r requirements.txt (line 109)) (2.19.0)
Requirement already satisfied: jupyter_server_terminals in /Utilisateurs/dbenguer/.local/lib/python3.11/site-packages (from -r requirements.txt (line 110)) (0.5.4)
Requirement already satisfied: jupyterlab in /Utilisateurs/dbenguer/.local/lib/python3.11/site-packages (from -r requirements.txt (line 111)) (4.5.8)
Requirement already satisfied: jupyterlab_pygments in /Utilisateurs/dbenguer/.local/lib/python3.11/site-packages (from -r requirements.txt (line 112)) (0.3.0)
Requirement already satisfied: jupyterlab_server in /Utilisateurs/dbenguer/.local/lib/python3.11/site-packages (from -r requirements.txt (line 113)) (2.28.0)
Requirement already satisfied: jupyterlab_widgets in /Utilisateurs/dbenguer/.local/lib/python3.11/site-packages (from -r requirements.txt (line 114)) (3.0.16)
Requirement already satisfied: kiwisolver in /Utilisateurs/dbenguer/.local/lib/python3.11/site-packages (from -r requirements.txt (line 115)) (1.5.0)
Requirement already satisfied: kombu in /Utilisateurs/dbenguer/.local/lib/python3.11/site-packages (from -r requirements.txt (line 116)) (5.6.2)
Requirement already satisfied: lark in /Utilisateurs/dbenguer/.local/lib/python3.11/site-packages (from -r requirements.txt (line 117)) (1.3.1)
Requirement already satisfied: Mako in /Utilisateurs/dbenguer/.local/lib/python3.11/site-packages (from -r requirements.txt (line 118)) (1.3.12)
Requirement already satisfied: markdown-it-py in /Utilisateurs/dbenguer/.local/lib/python3.11/site-packages (from -r requirements.txt (line 119)) (4.2.0)
Requirement already satisfied: MarkupSafe in /Utilisateurs/dbenguer/.local/lib/python3.11/site-packages (from -r requirements.txt (line 120)) (3.0.3)
Requirement already satisfied: matplotlib in /Utilisateurs/dbenguer/.local/lib/python3.11/site-packages (from -r requirements.txt (line 121)) (3.11.0)
Requirement already satisfied: matplotlib-inline in /Utilisateurs/dbenguer/.local/lib/python3.11/site-packages (from -r requirements.txt (line 122)) (0.2.2)
Requirement already satisfied: mdurl in /Utilisateurs/dbenguer/.local/lib/python3.11/site-packages (from -r requirements.txt (line 123)) (0.1.2)
Requirement already satisfied: mistune in /Utilisateurs/dbenguer/.local/lib/python3.11/site-packages (from -r requirements.txt (line 124)) (3.2.1)
Requirement already satisfied: mpmath in /Utilisateurs/dbenguer/.local/lib/python3.11/site-packages (from -r requirements.txt (line 125)) (1.3.0)
Requirement already satisfied: multidict in /Utilisateurs/dbenguer/.local/lib/python3.11/site-packages (from -r requirements.txt (line 126)) (6.7.1)
Requirement already satisfied: narwhals in /Utilisateurs/dbenguer/.local/lib/python3.11/site-packages (from -r requirements.txt (line 127)) (2.22.1)
Requirement already satisfied: nbclient in /Utilisateurs/dbenguer/.local/lib/python3.11/site-packages (from -r requirements.txt (line 128)) (0.11.0)
Requirement already satisfied: nbconvert in /Utilisateurs/dbenguer/.local/lib/python3.11/site-packages (from -r requirements.txt (line 129)) (7.17.1)
Requirement already satisfied: nbformat in /Utilisateurs/dbenguer/.local/lib/python3.11/site-packages (from -r requirements.txt (line 130)) (5.10.4)
Requirement already satisfied: nest-asyncio in /Utilisateurs/dbenguer/.local/lib/python3.11/site-packages (from -r requirements.txt (line 131)) (1.6.0)
Requirement already satisfied: networkx in /Utilisateurs/dbenguer/.local/lib/python3.11/site-packages (from -r requirements.txt (line 132)) (3.6.1)
Requirement already satisfied: notebook in /Utilisateurs/dbenguer/.local/lib/python3.11/site-packages (from -r requirements.txt (line 133)) (7.5.7)
Requirement already satisfied: notebook_shim in /Utilisateurs/dbenguer/.local/lib/python3.11/site-packages (from -r requirements.txt (line 134)) (0.2.4)
Requirement already satisfied: numpy in /Utilisateurs/dbenguer/.local/lib/python3.11/site-packages (from -r requirements.txt (line 135)) (2.4.6)
Requirement already satisfied: nvidia-cublas in /Utilisateurs/dbenguer/.local/lib/python3.11/site-packages (from -r requirements.txt (line 136)) (13.1.1.3)
Requirement already satisfied: nvidia-cuda-cupti in /Utilisateurs/dbenguer/.local/lib/python3.11/site-packages (from -r requirements.txt (line 137)) (13.0.85)
Requirement already satisfied: nvidia-cuda-nvrtc in /Utilisateurs/dbenguer/.local/lib/python3.11/site-packages (from -r requirements.txt (line 138)) (13.0.88)
Requirement already satisfied: nvidia-cuda-runtime in /Utilisateurs/dbenguer/.local/lib/python3.11/site-packages (from -r requirements.txt (line 139)) (13.0.96)
Requirement already satisfied: nvidia-cudnn-cu13 in /Utilisateurs/dbenguer/.local/lib/python3.11/site-packages (from -r requirements.txt (line 140)) (9.20.0.48)
Requirement already satisfied: nvidia-cufft in /Utilisateurs/dbenguer/.local/lib/python3.11/site-packages (from -r requirements.txt (line 141)) (12.0.0.61)
Requirement already satisfied: nvidia-cufile in /Utilisateurs/dbenguer/.local/lib/python3.11/site-packages (from -r requirements.txt (line 142)) (1.15.1.6)
Requirement already satisfied: nvidia-curand in /Utilisateurs/dbenguer/.local/lib/python3.11/site-packages (from -r requirements.txt (line 143)) (10.4.0.35)
Requirement already satisfied: nvidia-cusolver in /Utilisateurs/dbenguer/.local/lib/python3.11/site-packages (from -r requirements.txt (line 144)) (12.0.4.66)
Requirement already satisfied: nvidia-cusparse in /Utilisateurs/dbenguer/.local/lib/python3.11/site-packages (from -r requirements.txt (line 145)) (12.6.3.3)
Requirement already satisfied: nvidia-cusparselt-cu13 in /Utilisateurs/dbenguer/.local/lib/python3.11/site-packages (from -r requirements.txt (line 146)) (0.8.1)
Requirement already satisfied: nvidia-nccl-cu13 in /Utilisateurs/dbenguer/.local/lib/python3.11/site-packages (from -r requirements.txt (line 147)) (2.29.7)
Requirement already satisfied: nvidia-nvjitlink in /Utilisateurs/dbenguer/.local/lib/python3.11/site-packages (from -r requirements.txt (line 148)) (13.0.88)
Requirement already satisfied: nvidia-nvshmem-cu13 in /Utilisateurs/dbenguer/.local/lib/python3.11/site-packages (from -r requirements.txt (line 149)) (3.4.5)
Requirement already satisfied: nvidia-nvtx in /Utilisateurs/dbenguer/.local/lib/python3.11/site-packages (from -r requirements.txt (line 150)) (13.0.85)
Requirement already satisfied: omegaconf in /Utilisateurs/dbenguer/.local/lib/python3.11/site-packages (from -r requirements.txt (line 151)) (2.3.1)
Requirement already satisfied: optuna in /Utilisateurs/dbenguer/.local/lib/python3.11/site-packages (from -r requirements.txt (line 152)) (4.9.0)
Requirement already satisfied: orjson in /Utilisateurs/dbenguer/.local/lib/python3.11/site-packages (from -r requirements.txt (line 153)) (3.11.9)
Requirement already satisfied: packaging in /Utilisateurs/dbenguer/.conda/envs/ntn_env/lib/python3.11/site-packages (from -r requirements.txt (line 154)) (26.0)
Requirement already satisfied: pandas in /Utilisateurs/dbenguer/.local/lib/python3.11/site-packages (from -r requirements.txt (line 155)) (3.0.3)
Requirement already satisfied: pandocfilters in /Utilisateurs/dbenguer/.local/lib/python3.11/site-packages (from -r requirements.txt (line 156)) (1.5.1)
Requirement already satisfied: parso in /Utilisateurs/dbenguer/.local/lib/python3.11/site-packages (from -r requirements.txt (line 157)) (0.8.7)
Requirement already satisfied: pathspec in /Utilisateurs/dbenguer/.local/lib/python3.11/site-packages (from -r requirements.txt (line 158)) (1.1.1)
Requirement already satisfied: pexpect in /Utilisateurs/dbenguer/.local/lib/python3.11/site-packages (from -r requirements.txt (line 159)) (4.9.0)
Requirement already satisfied: pillow in /Utilisateurs/dbenguer/.local/lib/python3.11/site-packages (from -r requirements.txt (line 160)) (12.2.0)
Requirement already satisfied: platformdirs in /Utilisateurs/dbenguer/.local/lib/python3.11/site-packages (from -r requirements.txt (line 161)) (4.10.0)
Requirement already satisfied: plotly in /Utilisateurs/dbenguer/.local/lib/python3.11/site-packages (from -r requirements.txt (line 162)) (6.8.0)
Requirement already satisfied: pluggy in /Utilisateurs/dbenguer/.local/lib/python3.11/site-packages (from -r requirements.txt (line 163)) (1.6.0)
Requirement already satisfied: polars in /Utilisateurs/dbenguer/.local/lib/python3.11/site-packages (from -r requirements.txt (line 164)) (1.41.2)
Requirement already satisfied: polars-runtime-32 in /Utilisateurs/dbenguer/.local/lib/python3.11/site-packages (from -r requirements.txt (line 165)) (1.41.2)
Requirement already satisfied: prometheus_client in /Utilisateurs/dbenguer/.local/lib/python3.11/site-packages (from -r requirements.txt (line 166)) (0.25.0)
Requirement already satisfied: prompt_toolkit in /Utilisateurs/dbenguer/.local/lib/python3.11/site-packages (from -r requirements.txt (line 167)) (3.0.52)
Requirement already satisfied: propcache in /Utilisateurs/dbenguer/.local/lib/python3.11/site-packages (from -r requirements.txt (line 168)) (0.5.2)
Requirement already satisfied: psutil in /Utilisateurs/dbenguer/.local/lib/python3.11/site-packages (from -r requirements.txt (line 169)) (7.2.2)
Requirement already satisfied: ptyprocess in /Utilisateurs/dbenguer/.local/lib/python3.11/site-packages (from -r requirements.txt (line 170)) (0.7.0)
Requirement already satisfied: pure_eval in /Utilisateurs/dbenguer/.local/lib/python3.11/site-packages (from -r requirements.txt (line 171)) (0.2.3)
Requirement already satisfied: pyarrow in /Utilisateurs/dbenguer/.local/lib/python3.11/site-packages (from -r requirements.txt (line 172)) (24.0.0)
Requirement already satisfied: pycparser in /Utilisateurs/dbenguer/.local/lib/python3.11/site-packages (from -r requirements.txt (line 173)) (3.0)
Requirement already satisfied: pydantic in /Utilisateurs/dbenguer/.local/lib/python3.11/site-packages (from -r requirements.txt (line 174)) (2.13.4)
Requirement already satisfied: pydantic-settings in /Utilisateurs/dbenguer/.local/lib/python3.11/site-packages (from -r requirements.txt (line 175)) (2.14.1)
Requirement already satisfied: pydantic_core in /Utilisateurs/dbenguer/.local/lib/python3.11/site-packages (from -r requirements.txt (line 176)) (2.46.4)
Requirement already satisfied: pydot in /Utilisateurs/dbenguer/.local/lib/python3.11/site-packages (from -r requirements.txt (line 177)) (4.0.1)
Requirement already satisfied: pyerfa in /Utilisateurs/dbenguer/.local/lib/python3.11/site-packages (from -r requirements.txt (line 178)) (2.0.1.5)
Requirement already satisfied: pygit2 in /Utilisateurs/dbenguer/.local/lib/python3.11/site-packages (from -r requirements.txt (line 179)) (1.19.3)
Requirement already satisfied: Pygments in /Utilisateurs/dbenguer/.local/lib/python3.11/site-packages (from -r requirements.txt (line 180)) (2.20.0)
Requirement already satisfied: pygtrie in /Utilisateurs/dbenguer/.local/lib/python3.11/site-packages (from -r requirements.txt (line 181)) (2.5.0)
Requirement already satisfied: pyogrio in /Utilisateurs/dbenguer/.local/lib/python3.11/site-packages (from -r requirements.txt (line 182)) (0.12.1)
Requirement already satisfied: pyparsing in /Utilisateurs/dbenguer/.local/lib/python3.11/site-packages (from -r requirements.txt (line 183)) (3.3.2)
Requirement already satisfied: pytest in /Utilisateurs/dbenguer/.local/lib/python3.11/site-packages (from -r requirements.txt (line 184)) (9.1.0)
Requirement already satisfied: pytest-cov in /Utilisateurs/dbenguer/.local/lib/python3.11/site-packages (from -r requirements.txt (line 185)) (7.1.0)
Requirement already satisfied: python-dateutil in /Utilisateurs/dbenguer/.local/lib/python3.11/site-packages (from -r requirements.txt (line 186)) (2.9.0.post0)
Requirement already satisfied: python-dotenv in /Utilisateurs/dbenguer/.local/lib/python3.11/site-packages (from -r requirements.txt (line 187)) (1.2.2)
Requirement already satisfied: python-json-logger in /Utilisateurs/dbenguer/.local/lib/python3.11/site-packages (from -r requirements.txt (line 188)) (4.1.0)
Requirement already satisfied: PyYAML in /Utilisateurs/dbenguer/.local/lib/python3.11/site-packages (from -r requirements.txt (line 189)) (6.0.3)
Requirement already satisfied: pyzmq in /Utilisateurs/dbenguer/.local/lib/python3.11/site-packages (from -r requirements.txt (line 190)) (27.1.0)
Requirement already satisfied: rasterio in /Utilisateurs/dbenguer/.local/lib/python3.11/site-packages (from -r requirements.txt (line 191)) (1.4.4)
Requirement already satisfied: referencing in /Utilisateurs/dbenguer/.local/lib/python3.11/site-packages (from -r requirements.txt (line 192)) (0.37.0)
Requirement already satisfied: requests in /Utilisateurs/dbenguer/.local/lib/python3.11/site-packages (from -r requirements.txt (line 193)) (2.34.2)
Requirement already satisfied: rfc3339-validator in /Utilisateurs/dbenguer/.local/lib/python3.11/site-packages (from -r requirements.txt (line 194)) (0.1.4)
Requirement already satisfied: rfc3986-validator in /Utilisateurs/dbenguer/.local/lib/python3.11/site-packages (from -r requirements.txt (line 195)) (0.1.1)
Requirement already satisfied: rfc3987-syntax in /Utilisateurs/dbenguer/.local/lib/python3.11/site-packages (from -r requirements.txt (line 196)) (1.1.0)
Requirement already satisfied: rich in /Utilisateurs/dbenguer/.local/lib/python3.11/site-packages (from -r requirements.txt (line 197)) (15.0.0)
Requirement already satisfied: rpds-py in /Utilisateurs/dbenguer/.local/lib/python3.11/site-packages (from -r requirements.txt (line 198)) (2026.5.1)
Requirement already satisfied: ruamel.yaml in /Utilisateurs/dbenguer/.local/lib/python3.11/site-packages (from -r requirements.txt (line 199)) (0.19.1)
Requirement already satisfied: scikit-learn in /Utilisateurs/dbenguer/.local/lib/python3.11/site-packages (from -r requirements.txt (line 200)) (1.9.0)
Requirement already satisfied: scipy in /Utilisateurs/dbenguer/.local/lib/python3.11/site-packages (from -r requirements.txt (line 201)) (1.17.1)
Requirement already satisfied: scmrepo in /Utilisateurs/dbenguer/.local/lib/python3.11/site-packages (from -r requirements.txt (line 202)) (3.6.2)
Requirement already satisfied: semver in /Utilisateurs/dbenguer/.local/lib/python3.11/site-packages (from -r requirements.txt (line 203)) (3.0.4)
Requirement already satisfied: Send2Trash in /Utilisateurs/dbenguer/.local/lib/python3.11/site-packages (from -r requirements.txt (line 204)) (2.1.0)
Requirement already satisfied: setuptools in /Utilisateurs/dbenguer/.local/lib/python3.11/site-packages (from -r requirements.txt (line 205)) (81.0.0)
Requirement already satisfied: sgp4 in /Utilisateurs/dbenguer/.local/lib/python3.11/site-packages (from -r requirements.txt (line 206)) (2.25)
Requirement already satisfied: shellingham in /Utilisateurs/dbenguer/.local/lib/python3.11/site-packages (from -r requirements.txt (line 207)) (1.5.4)
Requirement already satisfied: shortuuid in /Utilisateurs/dbenguer/.local/lib/python3.11/site-packages (from -r requirements.txt (line 208)) (1.0.13)
Requirement already satisfied: shtab in /Utilisateurs/dbenguer/.local/lib/python3.11/site-packages (from -r requirements.txt (line 209)) (1.8.0)
Requirement already satisfied: six in /Utilisateurs/dbenguer/.local/lib/python3.11/site-packages (from -r requirements.txt (line 210)) (1.17.0)
Requirement already satisfied: skyfield in /Utilisateurs/dbenguer/.local/lib/python3.11/site-packages (from -r requirements.txt (line 211)) (1.54)
Requirement already satisfied: smmap in /Utilisateurs/dbenguer/.local/lib/python3.11/site-packages (from -r requirements.txt (line 212)) (5.0.3)
Requirement already satisfied: soupsieve in /Utilisateurs/dbenguer/.local/lib/python3.11/site-packages (from -r requirements.txt (line 213)) (2.8.4)
Requirement already satisfied: SQLAlchemy in /Utilisateurs/dbenguer/.local/lib/python3.11/site-packages (from -r requirements.txt (line 214)) (2.0.51)
Requirement already satisfied: sqltrie in /Utilisateurs/dbenguer/.local/lib/python3.11/site-packages (from -r requirements.txt (line 215)) (0.11.2)
Requirement already satisfied: stack-data in /Utilisateurs/dbenguer/.local/lib/python3.11/site-packages (from -r requirements.txt (line 216)) (0.6.3)
Requirement already satisfied: sympy in /Utilisateurs/dbenguer/.local/lib/python3.11/site-packages (from -r requirements.txt (line 217)) (1.14.0)
Requirement already satisfied: tabulate in /Utilisateurs/dbenguer/.local/lib/python3.11/site-packages (from -r requirements.txt (line 218)) (0.10.0)
Requirement already satisfied: terminado in /Utilisateurs/dbenguer/.local/lib/python3.11/site-packages (from -r requirements.txt (line 219)) (0.18.1)
Requirement already satisfied: threadpoolctl in /Utilisateurs/dbenguer/.local/lib/python3.11/site-packages (from -r requirements.txt (line 220)) (3.6.0)
Requirement already satisfied: tinycss2 in /Utilisateurs/dbenguer/.local/lib/python3.11/site-packages (from -r requirements.txt (line 221)) (1.5.1)
Requirement already satisfied: tomlkit in /Utilisateurs/dbenguer/.local/lib/python3.11/site-packages (from -r requirements.txt (line 222)) (0.15.0)
Requirement already satisfied: torch in /Utilisateurs/dbenguer/.local/lib/python3.11/site-packages (from -r requirements.txt (line 223)) (2.12.0)
Requirement already satisfied: tornado in /Utilisateurs/dbenguer/.local/lib/python3.11/site-packages (from -r requirements.txt (line 224)) (6.5.7)
Requirement already satisfied: tqdm in /Utilisateurs/dbenguer/.local/lib/python3.11/site-packages (from -r requirements.txt (line 225)) (4.68.2)
Requirement already satisfied: traitlets in /Utilisateurs/dbenguer/.local/lib/python3.11/site-packages (from -r requirements.txt (line 226)) (5.15.1)
Requirement already satisfied: triton in /Utilisateurs/dbenguer/.local/lib/python3.11/site-packages (from -r requirements.txt (line 227)) (3.7.0)
Requirement already satisfied: typer in /Utilisateurs/dbenguer/.local/lib/python3.11/site-packages (from -r requirements.txt (line 228)) (0.26.7)
Requirement already satisfied: typing-inspection in /Utilisateurs/dbenguer/.local/lib/python3.11/site-packages (from -r requirements.txt (line 229)) (0.4.2)
Requirement already satisfied: typing_extensions in /Utilisateurs/dbenguer/.local/lib/python3.11/site-packages (from -r requirements.txt (line 230)) (4.15.0)
Requirement already satisfied: tzdata in /Utilisateurs/dbenguer/.local/lib/python3.11/site-packages (from -r requirements.txt (line 231)) (2026.2)
Requirement already satisfied: tzlocal in /Utilisateurs/dbenguer/.local/lib/python3.11/site-packages (from -r requirements.txt (line 232)) (5.4)
Requirement already satisfied: uri-template in /Utilisateurs/dbenguer/.local/lib/python3.11/site-packages (from -r requirements.txt (line 233)) (1.3.0)
Requirement already satisfied: urllib3 in /Utilisateurs/dbenguer/.local/lib/python3.11/site-packages (from -r requirements.txt (line 234)) (2.7.0)
Requirement already satisfied: vine in /Utilisateurs/dbenguer/.local/lib/python3.11/site-packages (from -r requirements.txt (line 235)) (5.1.0)
Requirement already satisfied: voluptuous in /Utilisateurs/dbenguer/.local/lib/python3.11/site-packages (from -r requirements.txt (line 236)) (0.16.0)
Requirement already satisfied: wcwidth in /Utilisateurs/dbenguer/.local/lib/python3.11/site-packages (from -r requirements.txt (line 237)) (0.8.1)
Requirement already satisfied: webcolors in /Utilisateurs/dbenguer/.local/lib/python3.11/site-packages (from -r requirements.txt (line 238)) (25.10.0)
Requirement already satisfied: webencodings in /Utilisateurs/dbenguer/.local/lib/python3.11/site-packages (from -r requirements.txt (line 239)) (0.5.1)
Requirement already satisfied: websocket-client in /Utilisateurs/dbenguer/.local/lib/python3.11/site-packages (from -r requirements.txt (line 240)) (1.9.0)
Requirement already satisfied: widgetsnbextension in /Utilisateurs/dbenguer/.local/lib/python3.11/site-packages (from -r requirements.txt (line 241)) (4.0.15)
Requirement already satisfied: xyzservices in /Utilisateurs/dbenguer/.local/lib/python3.11/site-packages (from -r requirements.txt (line 242)) (2026.3.0)
Requirement already satisfied: yarl in /Utilisateurs/dbenguer/.local/lib/python3.11/site-packages (from -r requirements.txt (line 243)) (1.24.2)
Requirement already satisfied: zc.lockfile in /Utilisateurs/dbenguer/.local/lib/python3.11/site-packages (from -r requirements.txt (line 244)) (4.0)
Requirement already satisfied: shapely>=2.0 in /Utilisateurs/dbenguer/.local/lib/python3.11/site-packages (from cartopy->-r requirements.txt (line 28)) (2.1.2)
Requirement already satisfied: pyshp>=2.3 in /Utilisateurs/dbenguer/.local/lib/python3.11/site-packages (from cartopy->-r requirements.txt (line 28)) (3.0.12)
Requirement already satisfied: pyproj>=3.3.1 in /Utilisateurs/dbenguer/.local/lib/python3.11/site-packages (from cartopy->-r requirements.txt (line 28)) (3.7.2)
Requirement already satisfied: nest-asyncio2>=1.7.0 in /Utilisateurs/dbenguer/.local/lib/python3.11/site-packages (from ipykernel->-r requirements.txt (line 88)) (1.7.2)
Requirement already satisfied: overrides>=5.0 in /Utilisateurs/dbenguer/.local/lib/python3.11/site-packages (from jupyter_server->-r requirements.txt (line 109)) (7.7.0)
Found package directory: /Utilisateurs/dbenguer/ntn_tn_optim/src/hybrid_ntn_optimizer
PYTHONPATH set to: /Utilisateurs/dbenguer/ntn_tn_optim/src
Launching simulation on 250 cores...

==================================================
Hydra Configuration System Initialization

==================================================
🚀 INITIALIZING HYBRID NTN-TN SIMULATOR (MEGA-CONSTELLATION)
==================================================

[Phase 1] Building Geographic Map...
Generated 3866 cells (including edge padding).

[Phase 2] Generating Space Segment (Mega-Constellation)...
  -> Deployed Starlink-Shell-1: 1584 satellites at 550.0km.
  -> Deployed Starlink-Shell-2: 1584 satellites at 540.0km.
  -> Deployed Starlink-Shell-3: 348 satellites at 560.0km.
  -> Deployed Starlink-Shell-4: 720 satellites at 570.0km.
  -> Deployed Starlink-Shell-5: 172 satellites at 560.0km.
✅ Mega-Constellation Deployed: 4408 total satellites across 5 shells.

[Phase 3] Populating Ground Segment...
Generating Mobile Subscriber Population using WorldPop Raster Data...
🌍 Loading WorldPop demographic data from: /Utilisateurs/dbenguer/ntn_tn_optim/data/raw/can_pop_2020_CN_1km_R2025A_UA_v1.tif
✂️ Masking population data to exact Region boundaries...
📊 WorldPop Scan Complete: Found EXACTLY 14,544,374 humans in this region.
⚙️ Preparing task batches for CPU cores...
📊 Spawning users based EXACTLY on WorldPop census counts...
🚀 Firing up 249 CPU cores for parallel generation. This may take a few minutes...
Number of tasks is 14,544,374. ⚡ Using a chunk size of 14602 for parallel processing.
✅ WorldPop generation complete!
💾 Saved 14,544,374 users (full objects) to /Utilisateurs/dbenguer/ntn_tn_optim/data/users.pkl
✅ Generated 14544374 Mobile Users.
 [PLACEMENT] Guaranteed-coverage hex-grid placement (real-density tiered)...
   Building real density map at H3 res 7 (cell 5.161 km^2)...
   Tier UMI: r=0.311km, spacing=0.350km -> 9,405 towers, 10,555,096 tier users.
   Tier UMA: r=0.474km, spacing=0.534km -> 4,097 towers, 1,675,011 tier users.
   Tier RMA: r=2.847km, spacing=3.205km -> 8,360 towers, 2,314,267 tier users.
 TN placement complete (HEX-GRID, gap-free by construction): 21862 base stations (scenario mix: {'UMI': 9405, 'UMA': 4097, 'RMA': 8360}); 80,450 users uncovered by any tier (-> NTN); packing=0.65, min_users_per_site=25. REAL density people/km^2: p25=39 median=725 p75=2191 max=9252.

[Phase 4] Initiating 24-Hour Mobility & Traffic Engine...

Starting RF-Accurate Hybrid Mobility Simulation (Strict 3GPP Admission Control)...
📁 Initializing chunked CSV log files...
⚙️  PHASE 1 parallelism enabled: 250 worker processes.
  [t=72000s | 20.0h] Demand: 5744550.1 | TN Served: 4253342.3 | NTN Served: 440315.3 | Dropped: 935448.0 Mbps

✅ Simulation Complete. Generated all export files.

🎨 Rendering Unified God-Mode Visualization (Compiling frames...)
✅ Master Visualization compiled successfully and saved to Final_Animation.html

🎉 SIMULATION COMPLETE. Check output directories for CSV exports.
==================================================

Results staged to: /Utilisateurs/dbenguer/ntn_tn_optim//results/job-632
