OpenBLAS warning: precompiled NUM_THREADS exceeded, adding auxiliary array for thread metadata.
To avoid this warning, please rebuild your copy of OpenBLAS with a larger NUM_THREADS setting
or set the environment variable OPENBLAS_NUM_THREADS to 64 or lower
/Utilisateurs/dbenguer/ntn_tn_optim/src/hybrid_ntn_optimizer/terrestrial/coverage.py:663: UserWarning: UMA: d_2D=6492.4 m outside [10, 5000] m (TR 38.901 applicability).
  _, _, se, _ = calculate_tn_sinr_capacity(
/Utilisateurs/dbenguer/ntn_tn_optim/src/hybrid_ntn_optimizer/terrestrial/coverage.py:663: UserWarning: UMA: d_2D=15903.0 m outside [10, 5000] m (TR 38.901 applicability).
  _, _, se, _ = calculate_tn_sinr_capacity(
/Utilisateurs/dbenguer/ntn_tn_optim/src/hybrid_ntn_optimizer/terrestrial/coverage.py:663: UserWarning: UMA: d_2D=11245.1 m outside [10, 5000] m (TR 38.901 applicability).
  _, _, se, _ = calculate_tn_sinr_capacity(
/Utilisateurs/dbenguer/ntn_tn_optim/src/hybrid_ntn_optimizer/terrestrial/coverage.py:663: UserWarning: UMA: d_2D=9181.6 m outside [10, 5000] m (TR 38.901 applicability).
  _, _, se, _ = calculate_tn_sinr_capacity(
/Utilisateurs/dbenguer/ntn_tn_optim/src/hybrid_ntn_optimizer/terrestrial/coverage.py:663: UserWarning: UMA: d_2D=7951.5 m outside [10, 5000] m (TR 38.901 applicability).
  _, _, se, _ = calculate_tn_sinr_capacity(
/Utilisateurs/dbenguer/ntn_tn_optim/src/hybrid_ntn_optimizer/terrestrial/coverage.py:663: UserWarning: UMA: d_2D=7112.0 m outside [10, 5000] m (TR 38.901 applicability).
  _, _, se, _ = calculate_tn_sinr_capacity(
/Utilisateurs/dbenguer/ntn_tn_optim/src/hybrid_ntn_optimizer/terrestrial/coverage.py:663: UserWarning: UMA: d_2D=6010.8 m outside [10, 5000] m (TR 38.901 applicability).
  _, _, se, _ = calculate_tn_sinr_capacity(
/Utilisateurs/dbenguer/ntn_tn_optim/src/hybrid_ntn_optimizer/terrestrial/coverage.py:663: UserWarning: UMA: d_2D=5622.5 m outside [10, 5000] m (TR 38.901 applicability).
  _, _, se, _ = calculate_tn_sinr_capacity(
/Utilisateurs/dbenguer/ntn_tn_optim/src/hybrid_ntn_optimizer/terrestrial/coverage.py:663: UserWarning: UMA: d_2D=5301.0 m outside [10, 5000] m (TR 38.901 applicability).
  _, _, se, _ = calculate_tn_sinr_capacity(
/Utilisateurs/dbenguer/ntn_tn_optim/src/hybrid_ntn_optimizer/terrestrial/coverage.py:663: UserWarning: UMI: d_2D=5029.0 m outside [10, 5000] m (TR 38.901 applicability).
  _, _, se, _ = calculate_tn_sinr_capacity(
/Utilisateurs/dbenguer/ntn_tn_optim/src/hybrid_ntn_optimizer/terrestrial/coverage.py:663: UserWarning: UMI: d_2D=11245.1 m outside [10, 5000] m (TR 38.901 applicability).
  _, _, se, _ = calculate_tn_sinr_capacity(
/Utilisateurs/dbenguer/ntn_tn_optim/src/hybrid_ntn_optimizer/terrestrial/coverage.py:663: UserWarning: UMI: d_2D=9181.6 m outside [10, 5000] m (TR 38.901 applicability).
  _, _, se, _ = calculate_tn_sinr_capacity(
/Utilisateurs/dbenguer/ntn_tn_optim/src/hybrid_ntn_optimizer/terrestrial/coverage.py:663: UserWarning: UMI: d_2D=7951.5 m outside [10, 5000] m (TR 38.901 applicability).
  _, _, se, _ = calculate_tn_sinr_capacity(
/Utilisateurs/dbenguer/ntn_tn_optim/src/hybrid_ntn_optimizer/terrestrial/coverage.py:663: UserWarning: UMA: d_2D=5029.0 m outside [10, 5000] m (TR 38.901 applicability).
  _, _, se, _ = calculate_tn_sinr_capacity(
/Utilisateurs/dbenguer/ntn_tn_optim/src/hybrid_ntn_optimizer/terrestrial/coverage.py:663: UserWarning: UMI: d_2D=5301.0 m outside [10, 5000] m (TR 38.901 applicability).
  _, _, se, _ = calculate_tn_sinr_capacity(
/Utilisateurs/dbenguer/ntn_tn_optim/src/hybrid_ntn_optimizer/terrestrial/coverage.py:663: UserWarning: UMI: d_2D=7112.0 m outside [10, 5000] m (TR 38.901 applicability).
  _, _, se, _ = calculate_tn_sinr_capacity(
/Utilisateurs/dbenguer/ntn_tn_optim/src/hybrid_ntn_optimizer/terrestrial/coverage.py:663: UserWarning: UMI: d_2D=6492.4 m outside [10, 5000] m (TR 38.901 applicability).
  _, _, se, _ = calculate_tn_sinr_capacity(
/Utilisateurs/dbenguer/ntn_tn_optim/src/hybrid_ntn_optimizer/terrestrial/coverage.py:663: UserWarning: UMI: d_2D=5622.5 m outside [10, 5000] m (TR 38.901 applicability).
  _, _, se, _ = calculate_tn_sinr_capacity(
/Utilisateurs/dbenguer/ntn_tn_optim/src/hybrid_ntn_optimizer/terrestrial/coverage.py:663: UserWarning: UMI: d_2D=6010.8 m outside [10, 5000] m (TR 38.901 applicability).
  _, _, se, _ = calculate_tn_sinr_capacity(
/var/spool/slurm/d/job02396/slurm_script : ligne 96 : 610028 Erreur de segmentation  python scenario.py
