==================================================
  NTN-TN Hour-20 Drop Map Reconstruction
  Results dir : /Utilisateurs/dbenguer/ntn_tn_optim
  Script      : /Utilisateurs/dbenguer/ntn_tn_optim/reconstruct_hour20.py
==================================================

   Hour-20 Drop Map  (Plotly + coverage radius circles)
=======================================================
  Extracting tower data from /Utilisateurs/dbenguer/ntn_tn_optim/Final_Animation.html ...
  -> 139,727 unique sites  (UMi 118,086  UMa 11,564  RMa 10,077)
  Loading /Utilisateurs/dbenguer/ntn_tn_optim/detailed_drop_log.csv ...
  -> 28,648 dropped users at hour 20.0.

  Building Plotly figure ...
  Building coverage-circle GeoJSON layers ...
    UMI: sampled to 30,000
    UMI: 30,000 circles (12-pt polygons)
    UMA: 11,564 circles (16-pt polygons)
    RMA: 10,077 circles (20-pt polygons)
  Saving /Utilisateurs/dbenguer/ntn_tn_optim/hour20_drops.html ...

  Saved /Utilisateurs/dbenguer/ntn_tn_optim/hour20_drops.html  (76.7 MB)
  Requires internet to load Plotly from CDN.
  For offline: change include_plotlyjs='cdn' -> True


Done. Output: /Utilisateurs/dbenguer/ntn_tn_optim/hour20_drops.html
